PYTHONPATH=~/tmp/miniconda3/envs/MaProject/bin/python:
[I 2025-03-07 11:24:38,026] A new study created in RDB with name: resnet_wafer_1741343072
[I 2025-03-07 11:55:18,204] Trial 0 finished with value: 0.9637446808510639 and parameters: {'lr': 0.0002838699750921616, 'weight_decay': 0.00021851512052325548}. Best is trial 0 with value: 0.9637446808510639.
[I 2025-03-07 12:23:41,582] Trial 1 finished with value: 0.9324255319148937 and parameters: {'lr': 0.00041072170094627977, 'weight_decay': 0.0021979775965573502}. Best is trial 0 with value: 0.9637446808510639.
[I 2025-03-07 12:57:11,490] Trial 2 finished with value: 0.9666382978723403 and parameters: {'lr': 1.628812210991917e-05, 'weight_decay': 8.810227452603903e-06}. Best is trial 2 with value: 0.9666382978723403.
[I 2025-03-07 13:23:37,850] Trial 3 finished with value: 0.9638581560283688 and parameters: {'lr': 0.0003758190221509399, 'weight_decay': 8.12068954647122e-06}. Best is trial 2 with value: 0.9666382978723403.
[I 2025-03-07 13:44:05,502] Trial 4 finished with value: 0.9556312056737589 and parameters: {'lr': 0.00023171468384970614, 'weight_decay': 0.0015154882592244567}. Best is trial 2 with value: 0.9666382978723403.
[I 2025-03-07 14:07:32,597] Trial 5 pruned. 
[I 2025-03-07 14:41:59,474] Trial 6 pruned. 
slurmstepd: error: *** JOB 554503 ON cc1g05 CANCELLED AT 2025-03-07T14:48:48 ***
