PYTHONPATH=~/tmp/miniconda3/envs/MaProject/bin/python:
[I 2025-03-09 01:21:52,410] A new study created in memory with name: no-name-7a6afa71-ca14-4843-9db5-08a927d7a6b0
[I 2025-03-09 01:34:47,603] Trial 0 finished with value: 0.00950251989194392 and parameters: {'lr': 0.00039467459940413497, 'weight_decay': 2.8263424159880694e-05}. Best is trial 0 with value: 0.00950251989194392.
[I 2025-03-09 01:47:34,317] Trial 1 finished with value: 0.009794877123856587 and parameters: {'lr': 0.00033367528931670055, 'weight_decay': 2.2178149666326458e-05}. Best is trial 0 with value: 0.00950251989194392.
[I 2025-03-09 02:00:19,370] Trial 2 finished with value: 0.007221613848193398 and parameters: {'lr': 0.00013985604563030208, 'weight_decay': 9.154383083083219e-06}. Best is trial 2 with value: 0.007221613848193398.
[I 2025-03-09 02:13:04,371] Trial 3 finished with value: 0.027745917183531834 and parameters: {'lr': 2.1717844719648128e-05, 'weight_decay': 9.128152196963664e-05}. Best is trial 2 with value: 0.007221613848193398.
[I 2025-03-09 02:25:48,053] Trial 4 finished with value: 0.007401317133934796 and parameters: {'lr': 0.0004000119172642769, 'weight_decay': 2.3717600760115285e-06}. Best is trial 2 with value: 0.007221613848193398.
[I 2025-03-09 02:38:31,546] Trial 5 finished with value: 0.006368622704954645 and parameters: {'lr': 0.00015930521860322338, 'weight_decay': 0.0006130115333211945}. Best is trial 5 with value: 0.006368622704954645.
[I 2025-03-09 02:51:15,063] Trial 6 finished with value: 0.011688904629813299 and parameters: {'lr': 8.015270627214897e-05, 'weight_decay': 0.0008682005461601765}. Best is trial 5 with value: 0.006368622704954645.
[I 2025-03-09 03:04:00,816] Trial 7 finished with value: 0.009693823175388793 and parameters: {'lr': 0.0005028211037309985, 'weight_decay': 1.6530059135903957e-05}. Best is trial 5 with value: 0.006368622704954645.
[I 2025-03-09 03:16:47,292] Trial 8 finished with value: 0.01968000887750855 and parameters: {'lr': 4.2065024904753625e-05, 'weight_decay': 2.1001994321888577e-06}. Best is trial 5 with value: 0.006368622704954645.
[I 2025-03-09 03:29:33,407] Trial 9 finished with value: 0.030264068693791085 and parameters: {'lr': 3.750257631046611e-05, 'weight_decay': 3.336517174944385e-06}. Best is trial 5 with value: 0.006368622704954645.
[I 2025-03-09 03:42:20,565] Trial 10 finished with value: 0.047046053452446814 and parameters: {'lr': 1.0178384713760385e-05, 'weight_decay': 0.009519628319647465}. Best is trial 5 with value: 0.006368622704954645.
[I 2025-03-09 03:55:15,810] Trial 11 finished with value: 0.008281146563344268 and parameters: {'lr': 0.00014334312894698003, 'weight_decay': 0.0006397365533428572}. Best is trial 5 with value: 0.006368622704954645.
[I 2025-03-09 04:08:15,506] Trial 12 finished with value: 0.010113059024747817 and parameters: {'lr': 0.00014759625693180366, 'weight_decay': 0.0003832098868566782}. Best is trial 5 with value: 0.006368622704954645.
[I 2025-03-09 04:21:14,221] Trial 13 finished with value: 0.016519244226242697 and parameters: {'lr': 0.00019685716560110357, 'weight_decay': 0.003780542550371548}. Best is trial 5 with value: 0.006368622704954645.
[I 2025-03-09 04:34:07,322] Trial 14 finished with value: 0.013751017922278687 and parameters: {'lr': 7.41912376512672e-05, 'weight_decay': 0.00010189408672280011}. Best is trial 5 with value: 0.006368622704954645.
[I 2025-03-09 04:46:55,964] Trial 15 finished with value: 0.012864042300201444 and parameters: {'lr': 0.0008723627818566753, 'weight_decay': 9.35524676063508e-06}. Best is trial 5 with value: 0.006368622704954645.
[I 2025-03-09 04:59:42,092] Trial 16 finished with value: 0.008454283925525415 and parameters: {'lr': 9.998009557456739e-05, 'weight_decay': 8.516692188303038e-05}. Best is trial 5 with value: 0.006368622704954645.
[I 2025-03-09 05:12:28,744] Trial 17 finished with value: 0.011901069968377078 and parameters: {'lr': 0.00020530530494458922, 'weight_decay': 0.002048920702254276}. Best is trial 5 with value: 0.006368622704954645.
[I 2025-03-09 05:25:14,872] Trial 18 finished with value: 0.009330321124411607 and parameters: {'lr': 0.000981696470586519, 'weight_decay': 0.00016715678717321947}. Best is trial 5 with value: 0.006368622704954645.
[I 2025-03-09 05:38:00,576] Trial 19 finished with value: 0.01447746675763656 and parameters: {'lr': 4.897960396966249e-05, 'weight_decay': 5.173818449802441e-06}. Best is trial 5 with value: 0.006368622704954645.
[I 2025-03-09 05:44:49,901] A new study created in memory with name: no-name-b959a6ed-e8f2-4e8f-8001-b903a85a78c0
[I 2025-03-09 06:20:56,195] Trial 0 finished with value: 0.027768827634000393 and parameters: {'lr': 0.0008050281857136661, 'weight_decay': 1.1631571495297501e-05}. Best is trial 0 with value: 0.027768827634000393.
[I 2025-03-09 06:57:06,780] Trial 1 finished with value: 0.029211644385820062 and parameters: {'lr': 5.176528400497164e-05, 'weight_decay': 0.001441025761784453}. Best is trial 0 with value: 0.027768827634000393.
[I 2025-03-09 07:33:11,103] Trial 2 finished with value: 0.03550718682816651 and parameters: {'lr': 0.0005286511584579999, 'weight_decay': 0.0005139512703108196}. Best is trial 0 with value: 0.027768827634000393.
[I 2025-03-09 08:08:59,379] Trial 3 finished with value: 0.06720507135962661 and parameters: {'lr': 0.0007193515125351713, 'weight_decay': 0.009348395620053945}. Best is trial 0 with value: 0.027768827634000393.
[I 2025-03-09 08:45:04,903] Trial 4 finished with value: 0.024356063492527988 and parameters: {'lr': 8.177583894441682e-05, 'weight_decay': 1.1522100227842531e-05}. Best is trial 4 with value: 0.024356063492527988.
[I 2025-03-09 09:21:09,763] Trial 5 finished with value: 0.03533848032459681 and parameters: {'lr': 1.2261197635170175e-05, 'weight_decay': 2.659770210453e-05}. Best is trial 4 with value: 0.024356063492527988.
[I 2025-03-09 09:57:02,642] Trial 6 finished with value: 0.046932311165629924 and parameters: {'lr': 0.00048393872357358777, 'weight_decay': 0.005004280660714061}. Best is trial 4 with value: 0.024356063492527988.
[I 2025-03-09 10:33:09,338] Trial 7 finished with value: 0.03243877971001256 and parameters: {'lr': 2.2183752658871e-05, 'weight_decay': 0.004327600139246639}. Best is trial 4 with value: 0.024356063492527988.
[I 2025-03-09 11:09:08,480] Trial 8 finished with value: 0.04209997049089917 and parameters: {'lr': 0.0002717932707640927, 'weight_decay': 0.00388794936978875}. Best is trial 4 with value: 0.024356063492527988.
[I 2025-03-09 11:45:14,468] Trial 9 finished with value: 0.029187001075925586 and parameters: {'lr': 0.00036184329367437365, 'weight_decay': 0.00018117063567066967}. Best is trial 4 with value: 0.024356063492527988.
[I 2025-03-09 12:21:24,127] Trial 10 finished with value: 0.023032752603316553 and parameters: {'lr': 0.00011490601167697966, 'weight_decay': 1.3324968591294015e-06}. Best is trial 10 with value: 0.023032752603316553.
[I 2025-03-09 12:57:37,302] Trial 11 finished with value: 0.021911290427786445 and parameters: {'lr': 0.0001311547294611784, 'weight_decay': 2.3485459605266155e-06}. Best is trial 11 with value: 0.021911290427786445.
[I 2025-03-09 13:33:46,173] Trial 12 finished with value: 0.0249978264802859 and parameters: {'lr': 0.00015974355982419186, 'weight_decay': 1.6062926468613306e-06}. Best is trial 11 with value: 0.021911290427786445.
[I 2025-03-09 14:09:54,889] Trial 13 finished with value: 0.025039228457964635 and parameters: {'lr': 0.0001397386214960809, 'weight_decay': 1.0085669281385215e-06}. Best is trial 11 with value: 0.021911290427786445.
[I 2025-03-09 14:46:02,755] Trial 14 finished with value: 0.027199370072458418 and parameters: {'lr': 4.6552459077535675e-05, 'weight_decay': 4.902952834788542e-06}. Best is trial 11 with value: 0.021911290427786445.
[I 2025-03-09 15:22:09,934] Trial 15 finished with value: 0.023851496927839916 and parameters: {'lr': 0.00019190683533384703, 'weight_decay': 5.195875242169629e-05}. Best is trial 11 with value: 0.021911290427786445.
[I 2025-03-09 15:58:15,275] Trial 16 finished with value: 0.025248871651555593 and parameters: {'lr': 6.999978579140543e-05, 'weight_decay': 2.7725577422404737e-06}. Best is trial 11 with value: 0.021911290427786445.
[I 2025-03-09 16:34:20,629] Trial 17 finished with value: 0.031196886566855635 and parameters: {'lr': 2.9139151404415027e-05, 'weight_decay': 5.933203197710076e-06}. Best is trial 11 with value: 0.021911290427786445.
[I 2025-03-09 17:10:27,337] Trial 18 finished with value: 0.02565156954673951 and parameters: {'lr': 0.00011546955576259399, 'weight_decay': 9.516602740861207e-05}. Best is trial 11 with value: 0.021911290427786445.
[I 2025-03-09 17:46:32,479] Trial 19 finished with value: 0.02660392350835419 and parameters: {'lr': 0.00023615485803684335, 'weight_decay': 2.952775449797499e-06}. Best is trial 11 with value: 0.021911290427786445.
[I 2025-03-09 18:04:30,811] A new study created in memory with name: no-name-5911589b-d6d6-4aa6-858a-6d4bbe167f2b
[I 2025-03-09 18:10:02,348] Trial 0 finished with value: 0.010113606841682835 and parameters: {'lr': 3.0062357393690086e-05, 'weight_decay': 0.00292910640056602}. Best is trial 0 with value: 0.010113606841682835.
[I 2025-03-09 18:15:34,521] Trial 1 finished with value: 0.009354426913584271 and parameters: {'lr': 0.0009231301316543921, 'weight_decay': 0.0033167950884131834}. Best is trial 1 with value: 0.009354426913584271.
[I 2025-03-09 18:21:06,314] Trial 2 finished with value: 0.0026836889538336198 and parameters: {'lr': 0.0002688337012403277, 'weight_decay': 0.0010798807269640435}. Best is trial 2 with value: 0.0026836889538336198.
[I 2025-03-09 18:26:38,100] Trial 3 finished with value: 0.005461200312883766 and parameters: {'lr': 7.533774721868227e-05, 'weight_decay': 0.0057447959984890705}. Best is trial 2 with value: 0.0026836889538336198.
[I 2025-03-09 18:32:09,983] Trial 4 finished with value: 0.015680988595165587 and parameters: {'lr': 1.5161155671794373e-05, 'weight_decay': 0.0001453520895789177}. Best is trial 2 with value: 0.0026836889538336198.
[I 2025-03-09 18:37:41,560] Trial 5 finished with value: 0.005382660776376724 and parameters: {'lr': 0.0001716778090029176, 'weight_decay': 0.005832420664203839}. Best is trial 2 with value: 0.0026836889538336198.
[I 2025-03-09 18:43:13,451] Trial 6 finished with value: 0.0032495318403191593 and parameters: {'lr': 0.0003012055303342283, 'weight_decay': 0.0005052853598127899}. Best is trial 2 with value: 0.0026836889538336198.
[I 2025-03-09 18:48:45,295] Trial 7 finished with value: 0.006961614531637342 and parameters: {'lr': 0.00015757536658041231, 'weight_decay': 0.006308237750304463}. Best is trial 2 with value: 0.0026836889538336198.
[I 2025-03-09 18:54:17,244] Trial 8 finished with value: 0.02161063933400092 and parameters: {'lr': 1.2732291496412651e-05, 'weight_decay': 2.649309174076547e-05}. Best is trial 2 with value: 0.0026836889538336198.
[I 2025-03-09 18:59:48,884] Trial 9 finished with value: 0.0062858603023751465 and parameters: {'lr': 5.672864743681358e-05, 'weight_decay': 2.7701638623411838e-06}. Best is trial 2 with value: 0.0026836889538336198.
[I 2025-03-09 19:05:20,765] Trial 10 finished with value: 0.0021470873899505495 and parameters: {'lr': 0.0006274011490158266, 'weight_decay': 0.0005595647612683319}. Best is trial 10 with value: 0.0021470873899505495.
[I 2025-03-09 19:10:52,302] Trial 11 finished with value: 0.0027495155698960406 and parameters: {'lr': 0.0006015671668909917, 'weight_decay': 0.0006052432570327447}. Best is trial 10 with value: 0.0021470873899505495.
[I 2025-03-09 19:16:24,433] Trial 12 finished with value: 0.0016293444037997955 and parameters: {'lr': 0.0003871182822273415, 'weight_decay': 0.00048160887440379683}. Best is trial 12 with value: 0.0016293444037997955.
[I 2025-03-09 19:21:57,067] Trial 13 finished with value: 0.0026498157547191824 and parameters: {'lr': 0.00043754247101956435, 'weight_decay': 7.496993106958922e-05}. Best is trial 12 with value: 0.0016293444037997955.
[I 2025-03-09 19:27:29,414] Trial 14 finished with value: 0.000541528527871075 and parameters: {'lr': 0.0008837685679062282, 'weight_decay': 0.00013521918193093677}. Best is trial 14 with value: 0.000541528527871075.
[I 2025-03-09 19:33:01,865] Trial 15 finished with value: 0.0002990620347018362 and parameters: {'lr': 0.0009912721902014224, 'weight_decay': 1.3568959613902436e-05}. Best is trial 15 with value: 0.0002990620347018362.
[I 2025-03-09 19:38:34,419] Trial 16 finished with value: 0.0002472583890496312 and parameters: {'lr': 0.0008876198394993386, 'weight_decay': 6.468647866395748e-06}. Best is trial 16 with value: 0.0002472583890496312.
[I 2025-03-09 19:44:07,287] Trial 17 finished with value: 0.003928595148156294 and parameters: {'lr': 0.00014713241988399637, 'weight_decay': 4.725835644013763e-06}. Best is trial 16 with value: 0.0002472583890496312.
[I 2025-03-09 19:49:40,823] Trial 18 finished with value: 0.016560981515794992 and parameters: {'lr': 3.815175916035945e-05, 'weight_decay': 1.026465222222378e-05}. Best is trial 16 with value: 0.0002472583890496312.
[I 2025-03-09 19:55:13,671] Trial 19 finished with value: 0.0006930913657386016 and parameters: {'lr': 0.0009345693760898475, 'weight_decay': 1.1417877435752632e-06}. Best is trial 16 with value: 0.0002472583890496312.
[I 2025-03-09 19:59:19,280] A new study created in memory with name: no-name-9c7be838-00ba-4772-b45a-beeba4928a5c
[I 2025-03-09 20:02:59,904] Trial 0 finished with value: 0.0038598293325675416 and parameters: {'lr': 0.0007341368732076574, 'weight_decay': 3.571020933353742e-06}. Best is trial 0 with value: 0.0038598293325675416.
[I 2025-03-09 20:06:41,278] Trial 1 finished with value: 0.005608283252917721 and parameters: {'lr': 0.0004723323863423124, 'weight_decay': 2.454646251549e-06}. Best is trial 0 with value: 0.0038598293325675416.
[I 2025-03-09 20:10:22,518] Trial 2 finished with value: 0.005126928767115007 and parameters: {'lr': 0.00019519279419601143, 'weight_decay': 1.0602913422065098e-06}. Best is trial 0 with value: 0.0038598293325675416.
[I 2025-03-09 20:14:03,772] Trial 3 finished with value: 0.008710543726111712 and parameters: {'lr': 8.95786661220543e-05, 'weight_decay': 0.0010555142935453948}. Best is trial 0 with value: 0.0038598293325675416.
[I 2025-03-09 20:17:45,036] Trial 4 finished with value: 0.028667618261857167 and parameters: {'lr': 1.0721501171942169e-05, 'weight_decay': 0.005955278701155719}. Best is trial 0 with value: 0.0038598293325675416.
[I 2025-03-09 20:21:26,318] Trial 5 finished with value: 0.009636340598161848 and parameters: {'lr': 2.837131859166686e-05, 'weight_decay': 1.795223906458533e-06}. Best is trial 0 with value: 0.0038598293325675416.
[I 2025-03-09 20:25:07,539] Trial 6 finished with value: 0.006524370042219137 and parameters: {'lr': 7.523715291454043e-05, 'weight_decay': 0.000998168363656937}. Best is trial 0 with value: 0.0038598293325675416.
[I 2025-03-09 20:28:48,821] Trial 7 finished with value: 0.003600956254457641 and parameters: {'lr': 0.0002770332681982971, 'weight_decay': 2.898395737363024e-05}. Best is trial 7 with value: 0.003600956254457641.
[I 2025-03-09 20:32:30,629] Trial 8 finished with value: 0.005008946189870282 and parameters: {'lr': 0.00015292103841017758, 'weight_decay': 1.1157352947366773e-05}. Best is trial 7 with value: 0.003600956254457641.
[I 2025-03-09 20:36:11,786] Trial 9 finished with value: 0.00372501062762846 and parameters: {'lr': 0.00011642613566431195, 'weight_decay': 0.00018799428752062501}. Best is trial 7 with value: 0.003600956254457641.
[I 2025-03-09 20:39:53,070] Trial 10 finished with value: 0.0024741639276221073 and parameters: {'lr': 0.0003193036826007116, 'weight_decay': 5.198815323426749e-05}. Best is trial 10 with value: 0.0024741639276221073.
[I 2025-03-09 20:43:33,630] Trial 11 finished with value: 0.0037845164359977287 and parameters: {'lr': 0.0003361906752756836, 'weight_decay': 3.660989148225892e-05}. Best is trial 10 with value: 0.0024741639276221073.
[I 2025-03-09 20:47:14,432] Trial 12 finished with value: 0.005680370739102929 and parameters: {'lr': 0.0008505533732469843, 'weight_decay': 6.234615586280056e-05}. Best is trial 10 with value: 0.0024741639276221073.
[I 2025-03-09 20:50:55,272] Trial 13 finished with value: 0.0043085323322884506 and parameters: {'lr': 0.0002955431143405095, 'weight_decay': 1.4648305614409445e-05}. Best is trial 10 with value: 0.0024741639276221073.
[I 2025-03-09 20:54:36,086] Trial 14 finished with value: 0.007208448488705068 and parameters: {'lr': 5.174145762420264e-05, 'weight_decay': 0.0002742773087418887}. Best is trial 10 with value: 0.0024741639276221073.
[I 2025-03-09 20:58:17,069] Trial 15 finished with value: 0.005648719120573434 and parameters: {'lr': 0.0002495374606555561, 'weight_decay': 1.372349096535239e-05}. Best is trial 10 with value: 0.0024741639276221073.
[I 2025-03-09 21:01:57,773] Trial 16 finished with value: 0.004052179595722312 and parameters: {'lr': 0.0005345999528438439, 'weight_decay': 3.762972897944224e-05}. Best is trial 10 with value: 0.0024741639276221073.
[I 2025-03-09 21:05:38,934] Trial 17 finished with value: 0.004957354302556875 and parameters: {'lr': 0.0004160708036978536, 'weight_decay': 0.0001674257287481308}. Best is trial 10 with value: 0.0024741639276221073.
[I 2025-03-09 21:09:20,093] Trial 18 finished with value: 0.0076569310751640135 and parameters: {'lr': 4.315284564723576e-05, 'weight_decay': 6.68719048227506e-06}. Best is trial 10 with value: 0.0024741639276221073.
