PYTHONPATH=~/tmp/miniconda3/envs/MaProject/bin/python:
[I 2025-02-28 23:40:29,319] A new study created in memory with name: no-name-7a889061-1b0b-48c2-87a4-3754160c7740
[I 2025-02-28 23:46:48,842] Trial 0 finished with value: 0.015747148820313642 and parameters: {'lr': 6.327082606558846e-05, 'weight_decay': 0.0001786814803996679}. Best is trial 0 with value: 0.015747148820313642.
[I 2025-02-28 23:53:07,319] Trial 1 finished with value: 0.012163360701263642 and parameters: {'lr': 0.00031109790601455925, 'weight_decay': 4.048354315811685e-05}. Best is trial 1 with value: 0.012163360701263642.
[I 2025-02-28 23:59:23,668] Trial 2 finished with value: 0.02811828847246481 and parameters: {'lr': 2.9851926122981014e-05, 'weight_decay': 4.463553522454443e-06}. Best is trial 1 with value: 0.012163360701263642.
[I 2025-03-01 00:05:40,518] Trial 3 finished with value: 0.01680277295319967 and parameters: {'lr': 0.0009669347941979985, 'weight_decay': 1.2268423369458305e-05}. Best is trial 1 with value: 0.012163360701263642.
[I 2025-03-01 00:11:56,559] Trial 4 finished with value: 0.008237604966577943 and parameters: {'lr': 0.00024275377205429749, 'weight_decay': 0.0001307657503908663}. Best is trial 4 with value: 0.008237604966577943.
[I 2025-03-01 00:18:13,876] Trial 5 finished with value: 0.00911656483275158 and parameters: {'lr': 0.00024834776244990605, 'weight_decay': 4.5607564909285635e-05}. Best is trial 4 with value: 0.008237604966577943.
[I 2025-03-01 00:24:30,787] Trial 6 finished with value: 0.01173193448639289 and parameters: {'lr': 0.00016025949803289877, 'weight_decay': 2.313487199138964e-06}. Best is trial 4 with value: 0.008237604966577943.
[I 2025-03-01 00:30:47,597] Trial 7 finished with value: 0.011399690598662145 and parameters: {'lr': 0.0007199235274847332, 'weight_decay': 1.9536373007294107e-05}. Best is trial 4 with value: 0.008237604966577943.
[I 2025-03-01 00:37:04,052] Trial 8 finished with value: 0.011387495688044482 and parameters: {'lr': 0.0001311539980241649, 'weight_decay': 0.0010691883117878043}. Best is trial 4 with value: 0.008237604966577943.
[I 2025-03-01 00:43:21,521] Trial 9 finished with value: 0.007838255354553916 and parameters: {'lr': 0.0002950567869452327, 'weight_decay': 0.00033694641886852767}. Best is trial 9 with value: 0.007838255354553916.
[I 2025-03-01 00:47:05,800] A new study created in memory with name: no-name-90957df9-0ae8-4bdb-bceb-1e8079a19b30
[I 2025-03-01 01:04:56,581] Trial 0 finished with value: 0.03184691812520601 and parameters: {'lr': 2.2251571724813475e-05, 'weight_decay': 0.0014057384264087767}. Best is trial 0 with value: 0.03184691812520601.
[I 2025-03-01 01:22:44,861] Trial 1 finished with value: 0.03739102557092442 and parameters: {'lr': 0.00017999409354655643, 'weight_decay': 0.006964179087851615}. Best is trial 0 with value: 0.03184691812520601.
[I 2025-03-01 01:40:31,844] Trial 2 finished with value: 0.02511538249827622 and parameters: {'lr': 0.000109413011206131, 'weight_decay': 0.00018931355699018106}. Best is trial 2 with value: 0.02511538249827622.
[I 2025-03-01 01:58:20,234] Trial 3 finished with value: 0.024758480307469067 and parameters: {'lr': 0.00021987840990070128, 'weight_decay': 2.4220542566201943e-05}. Best is trial 3 with value: 0.024758480307469067.
[I 2025-03-01 02:16:07,586] Trial 4 finished with value: 0.028222085990447638 and parameters: {'lr': 0.0008771685180648757, 'weight_decay': 2.6248245486227653e-05}. Best is trial 3 with value: 0.024758480307469067.
[I 2025-03-01 02:33:55,373] Trial 5 finished with value: 0.033622802620393695 and parameters: {'lr': 2.6426849355210513e-05, 'weight_decay': 0.0003258733285359405}. Best is trial 3 with value: 0.024758480307469067.
slurmstepd: error: *** JOB 533809 ON cc1g02 CANCELLED AT 2025-03-01T02:39:10 DUE TO TIME LIMIT ***
