[I 2025-03-04 06:08:44,334] Trial 19 finished with value: 0.02933640998341241 and parameters: {'lr': 0.00041199397449438133, 'weight_decay': 2.5374950985007625e-05}. Best is trial 11 with value: 0.020729072558563873.
Loaded configuration:
{'experiment': {'reproducibility': True, 'seed': 42, 'num_trials': 20, 'num_epochs': 20, 'final_epochs': 5, 'save_model': True, 'model_save_path': 'final_model.pth', 'continual_learning': True, 'continual_method': 'baseline', 'task_list': [[0, 1], [2, 3]], 'suggest': {'lr': {'low': '1e-5', 'high': '1e-3', 'log': True}, 'weight_decay': {'low': '1e-6', 'high': '1e-2', 'log': True}}}, 'model': {'type': 'resnet50', 'lr': '1e-4', 'weight_decay': '1e-4'}, 'dataset': {'path': '/home/anhcao/tmp/Dataset/Wafermap-dataset/WM811K.pkl'}}
[INFO] Reproducibility enabled. Seed set to 42
[INFO] Using device: cuda
[INFO] Number of classes: 8
[INFO] Classes: ['Center' 'Donut' 'Edge-Loc' 'Edge-Ring' 'Loc' 'Near-full' 'Random'
 'Scratch']
[INFO] Running continual learning training with HPO per task...
[INFO] Starting Task 0 with classes: [0, 1]
[DEBUG] Creating ResNet50 with lr=1.0337957064959803e-05, weight_decay=3.120883931864776e-06
[DEBUG] Creating ResNet50 with lr=1.0337957064959803e-05, weight_decay=3.120883931864776e-06
[DEBUG] Creating ResNet50 with lr=1.0337957064959803e-05, weight_decay=3.120883931864776e-06
[DEBUG] Creating ResNet50 with lr=9.623207538336933e-05, weight_decay=0.0009178611321503746
[DEBUG] Creating ResNet50 with lr=9.623207538336933e-05, weight_decay=0.0009178611321503746
[DEBUG] Creating ResNet50 with lr=9.623207538336933e-05, weight_decay=0.0009178611321503746
[DEBUG] Creating ResNet50 with lr=0.0002570649110418117, weight_decay=0.00014793777517348045
[DEBUG] Creating ResNet50 with lr=0.0002570649110418117, weight_decay=0.00014793777517348045
[DEBUG] Creating ResNet50 with lr=0.0002570649110418117, weight_decay=0.00014793777517348045
[DEBUG] Creating ResNet50 with lr=0.000800327370759243, weight_decay=8.276095478283078e-06
[DEBUG] Creating ResNet50 with lr=0.000800327370759243, weight_decay=8.276095478283078e-06
[DEBUG] Creating ResNet50 with lr=0.000800327370759243, weight_decay=8.276095478283078e-06
[DEBUG] Creating ResNet50 with lr=8.006568049365429e-05, weight_decay=0.008217512880738917
[DEBUG] Creating ResNet50 with lr=8.006568049365429e-05, weight_decay=0.008217512880738917
[DEBUG] Creating ResNet50 with lr=8.006568049365429e-05, weight_decay=0.008217512880738917
[DEBUG] Creating ResNet50 with lr=0.00033316826715210036, weight_decay=8.093343716380304e-06
[DEBUG] Creating ResNet50 with lr=0.00033316826715210036, weight_decay=8.093343716380304e-06
[DEBUG] Creating ResNet50 with lr=0.00033316826715210036, weight_decay=8.093343716380304e-06
[DEBUG] Creating ResNet50 with lr=1.9384566778788686e-05, weight_decay=0.004521353732545746
[DEBUG] Creating ResNet50 with lr=1.9384566778788686e-05, weight_decay=0.004521353732545746
[DEBUG] Creating ResNet50 with lr=1.9384566778788686e-05, weight_decay=0.004521353732545746
[DEBUG] Creating ResNet50 with lr=3.0194379561618988e-05, weight_decay=1.667446641540096e-05
[DEBUG] Creating ResNet50 with lr=3.0194379561618988e-05, weight_decay=1.667446641540096e-05
[DEBUG] Creating ResNet50 with lr=3.0194379561618988e-05, weight_decay=1.667446641540096e-05
[DEBUG] Creating ResNet50 with lr=0.0005756327871704452, weight_decay=0.0002572271178964317
[DEBUG] Creating ResNet50 with lr=0.0005756327871704452, weight_decay=0.0002572271178964317
[DEBUG] Creating ResNet50 with lr=0.0005756327871704452, weight_decay=0.0002572271178964317
[DEBUG] Creating ResNet50 with lr=0.0001668996837010605, weight_decay=0.0019425345820623396
[DEBUG] Creating ResNet50 with lr=0.0001668996837010605, weight_decay=0.0019425345820623396
[DEBUG] Creating ResNet50 with lr=0.0001668996837010605, weight_decay=0.0019425345820623396
[DEBUG] Creating ResNet50 with lr=0.00021341201299354825, weight_decay=0.00010938997427655107
[DEBUG] Creating ResNet50 with lr=0.00021341201299354825, weight_decay=0.00010938997427655107
[DEBUG] Creating ResNet50 with lr=0.00021341201299354825, weight_decay=0.00010938997427655107
[DEBUG] Creating ResNet50 with lr=0.00033913414895062483, weight_decay=2.7497028238859264e-05
[DEBUG] Creating ResNet50 with lr=0.00033913414895062483, weight_decay=2.7497028238859264e-05
[DEBUG] Creating ResNet50 with lr=0.00033913414895062483, weight_decay=2.7497028238859264e-05
[DEBUG] Creating ResNet50 with lr=0.0003346866934913874, weight_decay=3.605583189623754e-05
[DEBUG] Creating ResNet50 with lr=0.0003346866934913874, weight_decay=3.605583189623754e-05
[DEBUG] Creating ResNet50 with lr=0.0003346866934913874, weight_decay=3.605583189623754e-05
[DEBUG] Creating ResNet50 with lr=6.115535139036228e-05, weight_decay=0.00021170676425725647
[DEBUG] Creating ResNet50 with lr=6.115535139036228e-05, weight_decay=0.00021170676425725647
[DEBUG] Creating ResNet50 with lr=6.115535139036228e-05, weight_decay=0.00021170676425725647
[DEBUG] Creating ResNet50 with lr=0.00037103594988592916, weight_decay=1.0876376606088854e-06
[DEBUG] Creating ResNet50 with lr=0.00037103594988592916, weight_decay=1.0876376606088854e-06
[DEBUG] Creating ResNet50 with lr=0.00037103594988592916, weight_decay=1.0876376606088854e-06
[DEBUG] Creating ResNet50 with lr=0.00017694283124268655, weight_decay=4.267410097768478e-05
[DEBUG] Creating ResNet50 with lr=0.00017694283124268655, weight_decay=4.267410097768478e-05
[DEBUG] Creating ResNet50 with lr=0.00017694283124268655, weight_decay=4.267410097768478e-05
[DEBUG] Creating ResNet50 with lr=0.0007960778226144684, weight_decay=0.0005809746256294577
[DEBUG] Creating ResNet50 with lr=0.0007960778226144684, weight_decay=0.0005809746256294577
[DEBUG] Creating ResNet50 with lr=0.0007960778226144684, weight_decay=0.0005809746256294577
[DEBUG] Creating ResNet50 with lr=0.0004558705617294939, weight_decay=6.28557315725479e-05
[DEBUG] Creating ResNet50 with lr=0.0004558705617294939, weight_decay=6.28557315725479e-05
[DEBUG] Creating ResNet50 with lr=0.0004558705617294939, weight_decay=6.28557315725479e-05
[DEBUG] Creating ResNet50 with lr=0.00022046465779498948, weight_decay=0.00015128687450030758
[DEBUG] Creating ResNet50 with lr=0.00022046465779498948, weight_decay=0.00015128687450030758
[DEBUG] Creating ResNet50 with lr=0.00022046465779498948, weight_decay=0.00015128687450030758
[DEBUG] Creating ResNet50 with lr=5.595678531987455e-05, weight_decay=1.9796289402853985e-05
[DEBUG] Creating ResNet50 with lr=5.595678531987455e-05, weight_decay=1.9796289402853985e-05
[DEBUG] Creating ResNet50 with lr=5.595678531987455e-05, weight_decay=1.9796289402853985e-05
[INFO] Best hyperparameters for Task 0: lr=0.0002570649110418117, weight_decay=0.00014793777517348045
[DEBUG] Creating ResNet50 with lr=0.0002570649110418117, weight_decay=0.00014793777517348045
[Task 0 Final Epoch 1] Train Loss: 0.0981 | Val Loss: 0.1532
[Task 0 Final Epoch 2] Train Loss: 0.0198 | Val Loss: 0.1037
[Task 0 Final Epoch 3] Train Loss: 0.0113 | Val Loss: 0.1770
[Task 0 Final Epoch 4] Train Loss: 0.0039 | Val Loss: 0.1084
[Task 0 Final Epoch 5] Train Loss: 0.0082 | Val Loss: 0.2269
[Task 0 Final Epoch 6] Train Loss: 0.0093 | Val Loss: 0.1424
[Task 0 Final Epoch 7] Train Loss: 0.0127 | Val Loss: 0.1148
[Task 0 Final Epoch 8] Train Loss: 0.0129 | Val Loss: 0.3334
[Task 0 Final Epoch 9] Train Loss: 0.0006 | Val Loss: 0.0894
[Task 0 Final Epoch 10] Train Loss: 0.0003 | Val Loss: 0.1002
[Task 0 Final Epoch 11] Train Loss: 0.0002 | Val Loss: 0.0984
[Task 0 Final Epoch 12] Train Loss: 0.0001 | Val Loss: 0.1041
[Task 0 Final Epoch 13] Train Loss: 0.0001 | Val Loss: 0.1030
[Task 0 Final Epoch 14] Train Loss: 0.0001 | Val Loss: 0.0972
[Task 0 Final Epoch 15] Train Loss: 0.0001 | Val Loss: 0.1026
[Task 0 Final Epoch 16] Train Loss: 0.0001 | Val Loss: 0.1023
[Task 0 Final Epoch 17] Train Loss: 0.0001 | Val Loss: 0.1099
[Task 0 Final Epoch 18] Train Loss: 0.0001 | Val Loss: 0.1049
[Task 0 Final Epoch 19] Train Loss: 0.0001 | Val Loss: 0.1108
[Task 0 Final Epoch 20] Train Loss: 0.0001 | Val Loss: 0.1008
[INFO] Model checkpoint saved to networkModel/baseline/20250303_180734/task0/model_20250303_180734.pth
[INFO] Starting Task 1 with new classes: [2, 3]
[DEBUG] Creating ResNet50 with lr=0.000724837555154921, weight_decay=9.348980804268558e-05
[DEBUG] Creating ResNet50 with lr=0.000724837555154921, weight_decay=9.348980804268558e-05
[DEBUG] Creating ResNet50 with lr=0.000724837555154921, weight_decay=9.348980804268558e-05
[DEBUG] Creating ResNet50 with lr=0.0006252045229410725, weight_decay=0.005441872605301681
[DEBUG] Creating ResNet50 with lr=0.0006252045229410725, weight_decay=0.005441872605301681
[DEBUG] Creating ResNet50 with lr=0.0006252045229410725, weight_decay=0.005441872605301681
[DEBUG] Creating ResNet50 with lr=0.00012965227304904264, weight_decay=8.41055392957051e-06
[DEBUG] Creating ResNet50 with lr=0.00012965227304904264, weight_decay=8.41055392957051e-06
[DEBUG] Creating ResNet50 with lr=0.00012965227304904264, weight_decay=8.41055392957051e-06
[DEBUG] Creating ResNet50 with lr=5.242558173445042e-05, weight_decay=0.008220238841499243
[DEBUG] Creating ResNet50 with lr=5.242558173445042e-05, weight_decay=0.008220238841499243
[DEBUG] Creating ResNet50 with lr=5.242558173445042e-05, weight_decay=0.008220238841499243
[DEBUG] Creating ResNet50 with lr=0.00014357249500577055, weight_decay=9.583166468491376e-06
[DEBUG] Creating ResNet50 with lr=0.00014357249500577055, weight_decay=9.583166468491376e-06
[DEBUG] Creating ResNet50 with lr=0.00014357249500577055, weight_decay=9.583166468491376e-06
[DEBUG] Creating ResNet50 with lr=0.0001315663404577784, weight_decay=8.532209363505335e-06
[DEBUG] Creating ResNet50 with lr=0.0001315663404577784, weight_decay=8.532209363505335e-06
[DEBUG] Creating ResNet50 with lr=0.0001315663404577784, weight_decay=8.532209363505335e-06
[DEBUG] Creating ResNet50 with lr=0.0005661076271896784, weight_decay=0.0003175783135465191
[DEBUG] Creating ResNet50 with lr=0.0005661076271896784, weight_decay=0.0003175783135465191
[DEBUG] Creating ResNet50 with lr=0.0005661076271896784, weight_decay=0.0003175783135465191
[DEBUG] Creating ResNet50 with lr=3.2199058555685604e-05, weight_decay=0.005937743929353581
[DEBUG] Creating ResNet50 with lr=3.2199058555685604e-05, weight_decay=0.005937743929353581
[DEBUG] Creating ResNet50 with lr=3.2199058555685604e-05, weight_decay=0.005937743929353581
[DEBUG] Creating ResNet50 with lr=4.569202799299298e-05, weight_decay=0.0004996366355571095
[DEBUG] Creating ResNet50 with lr=4.569202799299298e-05, weight_decay=0.0004996366355571095
[DEBUG] Creating ResNet50 with lr=4.569202799299298e-05, weight_decay=0.0004996366355571095
[DEBUG] Creating ResNet50 with lr=1.32590274089478e-05, weight_decay=0.00016488146027416578
[DEBUG] Creating ResNet50 with lr=1.32590274089478e-05, weight_decay=0.00016488146027416578
[DEBUG] Creating ResNet50 with lr=1.32590274089478e-05, weight_decay=0.00016488146027416578
[DEBUG] Creating ResNet50 with lr=0.0002657402416857598, weight_decay=1.1379868631874819e-06
[DEBUG] Creating ResNet50 with lr=0.0002657402416857598, weight_decay=1.1379868631874819e-06
[DEBUG] Creating ResNet50 with lr=0.0002657402416857598, weight_decay=1.1379868631874819e-06
[DEBUG] Creating ResNet50 with lr=0.00015960380051472, weight_decay=1.0717324426190044e-05
[DEBUG] Creating ResNet50 with lr=0.00015960380051472, weight_decay=1.0717324426190044e-05
[DEBUG] Creating ResNet50 with lr=0.00015960380051472, weight_decay=1.0717324426190044e-05
[DEBUG] Creating ResNet50 with lr=0.0002578713646297205, weight_decay=1.4248718330637724e-05
[DEBUG] Creating ResNet50 with lr=0.0002578713646297205, weight_decay=1.4248718330637724e-05
[DEBUG] Creating ResNet50 with lr=0.0002578713646297205, weight_decay=1.4248718330637724e-05
[DEBUG] Creating ResNet50 with lr=0.00024414733101213107, weight_decay=1.180906234792689e-06
[DEBUG] Creating ResNet50 with lr=0.00024414733101213107, weight_decay=1.180906234792689e-06
[DEBUG] Creating ResNet50 with lr=0.00024414733101213107, weight_decay=1.180906234792689e-06
[DEBUG] Creating ResNet50 with lr=8.435051840342024e-05, weight_decay=3.2705378561379434e-05
[DEBUG] Creating ResNet50 with lr=8.435051840342024e-05, weight_decay=3.2705378561379434e-05
[DEBUG] Creating ResNet50 with lr=8.435051840342024e-05, weight_decay=3.2705378561379434e-05
[DEBUG] Creating ResNet50 with lr=0.00019074426558912547, weight_decay=2.392154858211108e-06
[DEBUG] Creating ResNet50 with lr=0.00019074426558912547, weight_decay=2.392154858211108e-06
[DEBUG] Creating ResNet50 with lr=0.00019074426558912547, weight_decay=2.392154858211108e-06
[DEBUG] Creating ResNet50 with lr=8.185991666651847e-05, weight_decay=3.863964582125862e-05
[DEBUG] Creating ResNet50 with lr=8.185991666651847e-05, weight_decay=3.863964582125862e-05
[DEBUG] Creating ResNet50 with lr=8.185991666651847e-05, weight_decay=3.863964582125862e-05
[DEBUG] Creating ResNet50 with lr=0.0003717250473637142, weight_decay=3.91377889924661e-06
[DEBUG] Creating ResNet50 with lr=0.0003717250473637142, weight_decay=3.91377889924661e-06
[DEBUG] Creating ResNet50 with lr=0.0003717250473637142, weight_decay=3.91377889924661e-06
[DEBUG] Creating ResNet50 with lr=2.0470472929357787e-05, weight_decay=0.0010658068827894464
[DEBUG] Creating ResNet50 with lr=2.0470472929357787e-05, weight_decay=0.0010658068827894464
[DEBUG] Creating ResNet50 with lr=2.0470472929357787e-05, weight_decay=0.0010658068827894464
[DEBUG] Creating ResNet50 with lr=0.00041199397449438133, weight_decay=2.5374950985007625e-05
[DEBUG] Creating ResNet50 with lr=0.00041199397449438133, weight_decay=2.5374950985007625e-05
[DEBUG] Creating ResNet50 with lr=0.00041199397449438133, weight_decay=2.5374950985007625e-05
[INFO] Best hyperparameters for Task 1: lr=0.00015960380051472, weight_decay=1.0717324426190044e-05
[Task 1 Final Epoch 1] Train Loss: 2.9413 | Val Loss: 1.2754
[Task 1 Final Epoch 2] Train Loss: 0.4505 | Val Loss: 0.7887
[Task 1 Final Epoch 3] Train Loss: 0.2659 | Val Loss: 0.6403
[Task 1 Final Epoch 4] Train Loss: 0.2208 | Val Loss: 0.5788
[Task 1 Final Epoch 5] Train Loss: 0.1995 | Val Loss: 0.5516
[Task 1 Final Epoch 6] Train Loss: 0.1866 | Val Loss: 0.5293
[Task 1 Final Epoch 7] Train Loss: 0.1778 | Val Loss: 0.5160
[Task 1 Final Epoch 8] Train Loss: 0.1698 | Val Loss: 0.5000
[Task 1 Final Epoch 9] Train Loss: 0.1627 | Val Loss: 0.4884
[Task 1 Final Epoch 10] Train Loss: 0.1569 | Val Loss: 0.4781
[Task 1 Final Epoch 11] Train Loss: 0.1512 | Val Loss: 0.4674
[Task 1 Final Epoch 12] Train Loss: 0.1469 | Val Loss: 0.4624
[Task 1 Final Epoch 13] Train Loss: 0.1436 | Val Loss: 0.4574
[Task 1 Final Epoch 14] Train Loss: 0.1392 | Val Loss: 0.4539
[Task 1 Final Epoch 15] Train Loss: 0.1374 | Val Loss: 0.4534
[Task 1 Final Epoch 16] Train Loss: 0.1341 | Val Loss: 0.4450
[Task 1 Final Epoch 17] Train Loss: 0.1319 | Val Loss: 0.4437
[Task 1 Final Epoch 18] Train Loss: 0.1303 | Val Loss: 0.4416
[Task 1 Final Epoch 19] Train Loss: 0.1280 | Val Loss: 0.4330
[Task 1 Final Epoch 20] Train Loss: 0.1275 | Val Loss: 0.4323
[INFO] Model checkpoint saved to networkModel/baseline/20250304_062555/task1/model_20250304_062555.pth
[INFO] Continual learning training complete.

[INFO] Evaluating cumulative performance per task:
Task 0 test set accuracy: 0.8722
Task 1 test set accuracy: 0.8304
Cumulative test set accuracy (all tasks): 0.8388
