PYTHONPATH=~/tmp/miniconda3/envs/MaProject/bin/python:
[I 2025-03-03 13:46:44,957] A new study created in memory with name: no-name-9d39eff0-d612-4c89-9498-b0a128e08b48
[I 2025-03-03 13:59:30,030] Trial 0 finished with value: 0.044791147746663124 and parameters: {'lr': 1.0337957064959803e-05, 'weight_decay': 3.120883931864776e-06}. Best is trial 0 with value: 0.044791147746663124.
[I 2025-03-03 14:12:13,565] Trial 1 finished with value: 0.008638448061353143 and parameters: {'lr': 9.623207538336933e-05, 'weight_decay': 0.0009178611321503746}. Best is trial 1 with value: 0.008638448061353143.
[I 2025-03-03 14:24:57,286] Trial 2 finished with value: 0.006776891200374054 and parameters: {'lr': 0.0002570649110418117, 'weight_decay': 0.00014793777517348045}. Best is trial 2 with value: 0.006776891200374054.
[I 2025-03-03 14:37:41,024] Trial 3 finished with value: 0.008692404234200998 and parameters: {'lr': 0.000800327370759243, 'weight_decay': 8.276095478283078e-06}. Best is trial 2 with value: 0.006776891200374054.
[I 2025-03-03 14:50:25,040] Trial 4 finished with value: 0.011235718836172645 and parameters: {'lr': 8.006568049365429e-05, 'weight_decay': 0.008217512880738917}. Best is trial 2 with value: 0.006776891200374054.
[I 2025-03-03 15:03:08,906] Trial 5 finished with value: 0.00767429550047555 and parameters: {'lr': 0.00033316826715210036, 'weight_decay': 8.093343716380304e-06}. Best is trial 2 with value: 0.006776891200374054.
[I 2025-03-03 15:15:52,693] Trial 6 finished with value: 0.04291968692707578 and parameters: {'lr': 1.9384566778788686e-05, 'weight_decay': 0.004521353732545746}. Best is trial 2 with value: 0.006776891200374054.
[I 2025-03-03 15:28:37,066] Trial 7 finished with value: 0.027577820617432098 and parameters: {'lr': 3.0194379561618988e-05, 'weight_decay': 1.667446641540096e-05}. Best is trial 2 with value: 0.006776891200374054.
[I 2025-03-03 15:41:20,431] Trial 8 finished with value: 0.012029927347532702 and parameters: {'lr': 0.0005756327871704452, 'weight_decay': 0.0002572271178964317}. Best is trial 2 with value: 0.006776891200374054.
[I 2025-03-03 15:54:04,119] Trial 9 finished with value: 0.009463338472414762 and parameters: {'lr': 0.0001668996837010605, 'weight_decay': 0.0019425345820623396}. Best is trial 2 with value: 0.006776891200374054.
[I 2025-03-03 16:06:48,613] Trial 10 finished with value: 0.008641854524833592 and parameters: {'lr': 0.00021341201299354825, 'weight_decay': 0.00010938997427655107}. Best is trial 2 with value: 0.006776891200374054.
[I 2025-03-03 16:19:32,595] Trial 11 finished with value: 0.006960592504309182 and parameters: {'lr': 0.00033913414895062483, 'weight_decay': 2.7497028238859264e-05}. Best is trial 2 with value: 0.006776891200374054.
[I 2025-03-03 16:32:17,309] Trial 12 finished with value: 0.010287943351859067 and parameters: {'lr': 0.0003346866934913874, 'weight_decay': 3.605583189623754e-05}. Best is trial 2 with value: 0.006776891200374054.
[I 2025-03-03 16:45:03,082] Trial 13 finished with value: 0.01035833820048812 and parameters: {'lr': 6.115535139036228e-05, 'weight_decay': 0.00021170676425725647}. Best is trial 2 with value: 0.006776891200374054.
[I 2025-03-03 16:57:48,656] Trial 14 finished with value: 0.010071405215707532 and parameters: {'lr': 0.00037103594988592916, 'weight_decay': 1.0876376606088854e-06}. Best is trial 2 with value: 0.006776891200374054.
[I 2025-03-03 17:10:34,155] Trial 15 finished with value: 0.007844688102277505 and parameters: {'lr': 0.00017694283124268655, 'weight_decay': 4.267410097768478e-05}. Best is trial 2 with value: 0.006776891200374054.
[I 2025-03-03 17:23:19,331] Trial 16 finished with value: 0.02006386928330776 and parameters: {'lr': 0.0007960778226144684, 'weight_decay': 0.0005809746256294577}. Best is trial 2 with value: 0.006776891200374054.
[I 2025-03-03 17:36:04,739] Trial 17 finished with value: 0.008004841587795193 and parameters: {'lr': 0.0004558705617294939, 'weight_decay': 6.28557315725479e-05}. Best is trial 2 with value: 0.006776891200374054.
[I 2025-03-03 17:48:50,430] Trial 18 finished with value: 0.01160435016208794 and parameters: {'lr': 0.00022046465779498948, 'weight_decay': 0.00015128687450030758}. Best is trial 2 with value: 0.006776891200374054.
[I 2025-03-03 18:01:36,735] Trial 19 finished with value: 0.011671513378840042 and parameters: {'lr': 5.595678531987455e-05, 'weight_decay': 1.9796289402853985e-05}. Best is trial 2 with value: 0.006776891200374054.
[I 2025-03-03 18:08:23,964] A new study created in memory with name: no-name-ad1ee60d-0329-48f0-9f94-d70a85fcd9b2
[I 2025-03-03 18:44:26,402] Trial 0 finished with value: 0.02820986269942154 and parameters: {'lr': 0.000724837555154921, 'weight_decay': 9.348980804268558e-05}. Best is trial 0 with value: 0.02820986269942154.
[I 2025-03-03 19:20:15,447] Trial 1 finished with value: 0.05559314964586687 and parameters: {'lr': 0.0006252045229410725, 'weight_decay': 0.005441872605301681}. Best is trial 0 with value: 0.02820986269942154.
[I 2025-03-03 19:56:20,964] Trial 2 finished with value: 0.023150583247032088 and parameters: {'lr': 0.00012965227304904264, 'weight_decay': 8.41055392957051e-06}. Best is trial 2 with value: 0.023150583247032088.
[I 2025-03-03 20:32:26,649] Trial 3 finished with value: 0.02767244901903838 and parameters: {'lr': 5.242558173445042e-05, 'weight_decay': 0.008220238841499243}. Best is trial 2 with value: 0.023150583247032088.
[I 2025-03-03 21:08:31,913] Trial 4 finished with value: 0.02271925798332036 and parameters: {'lr': 0.00014357249500577055, 'weight_decay': 9.583166468491376e-06}. Best is trial 4 with value: 0.02271925798332036.
[I 2025-03-03 21:44:39,038] Trial 5 finished with value: 0.027059703774587735 and parameters: {'lr': 0.0001315663404577784, 'weight_decay': 8.532209363505335e-06}. Best is trial 4 with value: 0.02271925798332036.
[I 2025-03-03 22:20:40,634] Trial 6 finished with value: 0.03361824384197415 and parameters: {'lr': 0.0005661076271896784, 'weight_decay': 0.0003175783135465191}. Best is trial 4 with value: 0.02271925798332036.
[I 2025-03-03 22:56:44,078] Trial 7 finished with value: 0.032226898842849155 and parameters: {'lr': 3.2199058555685604e-05, 'weight_decay': 0.005937743929353581}. Best is trial 4 with value: 0.02271925798332036.
[I 2025-03-03 23:32:47,304] Trial 8 finished with value: 0.026408976010326563 and parameters: {'lr': 4.569202799299298e-05, 'weight_decay': 0.0004996366355571095}. Best is trial 4 with value: 0.02271925798332036.
[I 2025-03-04 00:08:52,066] Trial 9 finished with value: 0.03674127812843219 and parameters: {'lr': 1.32590274089478e-05, 'weight_decay': 0.00016488146027416578}. Best is trial 4 with value: 0.02271925798332036.
[I 2025-03-04 00:44:50,765] Trial 10 finished with value: 0.023695183463350932 and parameters: {'lr': 0.0002657402416857598, 'weight_decay': 1.1379868631874819e-06}. Best is trial 4 with value: 0.02271925798332036.
[I 2025-03-04 01:20:46,587] Trial 11 finished with value: 0.020729072558563873 and parameters: {'lr': 0.00015960380051472, 'weight_decay': 1.0717324426190044e-05}. Best is trial 11 with value: 0.020729072558563873.
[I 2025-03-04 01:56:34,634] Trial 12 finished with value: 0.02518439479498165 and parameters: {'lr': 0.0002578713646297205, 'weight_decay': 1.4248718330637724e-05}. Best is trial 11 with value: 0.020729072558563873.
[I 2025-03-04 02:32:26,625] Trial 13 finished with value: 0.023393762078940863 and parameters: {'lr': 0.00024414733101213107, 'weight_decay': 1.180906234792689e-06}. Best is trial 11 with value: 0.020729072558563873.
[I 2025-03-04 03:08:29,712] Trial 14 finished with value: 0.024323137157995823 and parameters: {'lr': 8.435051840342024e-05, 'weight_decay': 3.2705378561379434e-05}. Best is trial 11 with value: 0.020729072558563873.
[I 2025-03-04 03:44:35,264] Trial 15 finished with value: 0.0233192772249519 and parameters: {'lr': 0.00019074426558912547, 'weight_decay': 2.392154858211108e-06}. Best is trial 11 with value: 0.020729072558563873.
[I 2025-03-04 04:20:36,741] Trial 16 finished with value: 0.02621139917244301 and parameters: {'lr': 8.185991666651847e-05, 'weight_decay': 3.863964582125862e-05}. Best is trial 11 with value: 0.020729072558563873.
[I 2025-03-04 04:56:34,972] Trial 17 finished with value: 0.02726336037168384 and parameters: {'lr': 0.0003717250473637142, 'weight_decay': 3.91377889924661e-06}. Best is trial 11 with value: 0.020729072558563873.
[I 2025-03-04 05:32:40,020] Trial 18 finished with value: 0.0318708213032143 and parameters: {'lr': 2.0470472929357787e-05, 'weight_decay': 0.0010658068827894464}. Best is trial 11 with value: 0.020729072558563873.
