[I 2025-03-04 06:17:43,856] Trial 19 finished with value: 0.03449167515445251 and parameters: {'lr': 2.8193823784180836e-05, 'weight_decay': 7.981675162353118e-06}. Best is trial 14 with value: 0.024199001244189024.
Loaded configuration:
{'experiment': {'reproducibility': True, 'seed': 42, 'num_trials': 20, 'num_epochs': 20, 'final_epochs': 5, 'save_model': True, 'model_save_path': 'final_model.pth', 'continual_learning': True, 'continual_method': 'baseline', 'task_list': [[0, 1], [2, 3]], 'suggest': {'lr': {'low': '1e-5', 'high': '1e-3', 'log': True}, 'weight_decay': {'low': '1e-6', 'high': '1e-2', 'log': True}}}, 'model': {'type': 'resnet50', 'lr': '1e-4', 'weight_decay': '1e-4'}, 'dataset': {'path': '/home/anhcao/tmp/Dataset/Wafermap-dataset/WM811K.pkl'}}
[INFO] Reproducibility enabled. Seed set to 42
[INFO] Using device: cuda
[INFO] Number of classes: 8
[INFO] Classes: ['Center' 'Donut' 'Edge-Loc' 'Edge-Ring' 'Loc' 'Near-full' 'Random'
 'Scratch']
[INFO] Running continual learning training with HPO per task...
[INFO] Starting Task 0 with classes: [0, 1]
[DEBUG] Creating ResNet50 with lr=0.00016525157174843453, weight_decay=0.00023023595457774543
[DEBUG] Creating ResNet50 with lr=0.00016525157174843453, weight_decay=0.00023023595457774543
[DEBUG] Creating ResNet50 with lr=0.00016525157174843453, weight_decay=0.00023023595457774543
[DEBUG] Creating ResNet50 with lr=0.0004951574504574623, weight_decay=8.098065820353337e-05
[DEBUG] Creating ResNet50 with lr=0.0004951574504574623, weight_decay=8.098065820353337e-05
[DEBUG] Creating ResNet50 with lr=0.0004951574504574623, weight_decay=8.098065820353337e-05
[DEBUG] Creating ResNet50 with lr=1.8223059116296624e-05, weight_decay=0.0019568701195138423
[DEBUG] Creating ResNet50 with lr=1.8223059116296624e-05, weight_decay=0.0019568701195138423
[DEBUG] Creating ResNet50 with lr=1.8223059116296624e-05, weight_decay=0.0019568701195138423
[DEBUG] Creating ResNet50 with lr=1.006362765822931e-05, weight_decay=1.1521054196028622e-06
[DEBUG] Creating ResNet50 with lr=1.006362765822931e-05, weight_decay=1.1521054196028622e-06
[DEBUG] Creating ResNet50 with lr=1.006362765822931e-05, weight_decay=1.1521054196028622e-06
[DEBUG] Creating ResNet50 with lr=0.0001384060365914206, weight_decay=2.5720864397306895e-06
[DEBUG] Creating ResNet50 with lr=0.0001384060365914206, weight_decay=2.5720864397306895e-06
[DEBUG] Creating ResNet50 with lr=0.0001384060365914206, weight_decay=2.5720864397306895e-06
[DEBUG] Creating ResNet50 with lr=7.29888814893648e-05, weight_decay=2.730409686071668e-05
[DEBUG] Creating ResNet50 with lr=7.29888814893648e-05, weight_decay=2.730409686071668e-05
[DEBUG] Creating ResNet50 with lr=7.29888814893648e-05, weight_decay=2.730409686071668e-05
[DEBUG] Creating ResNet50 with lr=5.399464176230722e-05, weight_decay=0.000633213950311723
[DEBUG] Creating ResNet50 with lr=5.399464176230722e-05, weight_decay=0.000633213950311723
[DEBUG] Creating ResNet50 with lr=5.399464176230722e-05, weight_decay=0.000633213950311723
[DEBUG] Creating ResNet50 with lr=0.000311560047266615, weight_decay=0.000855787684924376
[DEBUG] Creating ResNet50 with lr=0.000311560047266615, weight_decay=0.000855787684924376
[DEBUG] Creating ResNet50 with lr=0.000311560047266615, weight_decay=0.000855787684924376
[DEBUG] Creating ResNet50 with lr=3.573667516576961e-05, weight_decay=4.588211734135118e-06
[DEBUG] Creating ResNet50 with lr=3.573667516576961e-05, weight_decay=4.588211734135118e-06
[DEBUG] Creating ResNet50 with lr=3.573667516576961e-05, weight_decay=4.588211734135118e-06
[DEBUG] Creating ResNet50 with lr=0.00023978117722174154, weight_decay=0.0016491758646148328
[DEBUG] Creating ResNet50 with lr=0.00023978117722174154, weight_decay=0.0016491758646148328
[DEBUG] Creating ResNet50 with lr=0.00023978117722174154, weight_decay=0.0016491758646148328
[DEBUG] Creating ResNet50 with lr=0.000946695742867338, weight_decay=1.0625144835469428e-05
[DEBUG] Creating ResNet50 with lr=0.000946695742867338, weight_decay=1.0625144835469428e-05
[DEBUG] Creating ResNet50 with lr=0.000946695742867338, weight_decay=1.0625144835469428e-05
[DEBUG] Creating ResNet50 with lr=0.00013105409692423282, weight_decay=0.0001974686337812969
[DEBUG] Creating ResNet50 with lr=0.00013105409692423282, weight_decay=0.0001974686337812969
[DEBUG] Creating ResNet50 with lr=0.00013105409692423282, weight_decay=0.0001974686337812969
[DEBUG] Creating ResNet50 with lr=0.00013612871175430828, weight_decay=0.00011374281820643777
[DEBUG] Creating ResNet50 with lr=0.00013612871175430828, weight_decay=0.00011374281820643777
[DEBUG] Creating ResNet50 with lr=0.00013612871175430828, weight_decay=0.00011374281820643777
[DEBUG] Creating ResNet50 with lr=0.00019720758707175324, weight_decay=0.007342423199601496
[DEBUG] Creating ResNet50 with lr=0.00019720758707175324, weight_decay=0.007342423199601496
[DEBUG] Creating ResNet50 with lr=0.00019720758707175324, weight_decay=0.007342423199601496
[DEBUG] Creating ResNet50 with lr=0.0004224486401061069, weight_decay=2.1248156272427635e-06
[DEBUG] Creating ResNet50 with lr=0.0004224486401061069, weight_decay=2.1248156272427635e-06
[DEBUG] Creating ResNet50 with lr=0.0004224486401061069, weight_decay=2.1248156272427635e-06
[DEBUG] Creating ResNet50 with lr=0.0004687531161806007, weight_decay=1.4574449243137932e-06
[DEBUG] Creating ResNet50 with lr=0.0004687531161806007, weight_decay=1.4574449243137932e-06
[DEBUG] Creating ResNet50 with lr=0.0004687531161806007, weight_decay=1.4574449243137932e-06
[DEBUG] Creating ResNet50 with lr=0.0009484995908000679, weight_decay=1.147474946360895e-06
[DEBUG] Creating ResNet50 with lr=0.0009484995908000679, weight_decay=1.147474946360895e-06
[DEBUG] Creating ResNet50 with lr=0.0009484995908000679, weight_decay=1.147474946360895e-06
[DEBUG] Creating ResNet50 with lr=0.00045886085508979276, weight_decay=1.2058993878034836e-05
[DEBUG] Creating ResNet50 with lr=0.00045886085508979276, weight_decay=1.2058993878034836e-05
[DEBUG] Creating ResNet50 with lr=0.00045886085508979276, weight_decay=1.2058993878034836e-05
[DEBUG] Creating ResNet50 with lr=0.0006125445358855417, weight_decay=4.813749634225034e-06
[DEBUG] Creating ResNet50 with lr=0.0006125445358855417, weight_decay=4.813749634225034e-06
[DEBUG] Creating ResNet50 with lr=0.0006125445358855417, weight_decay=4.813749634225034e-06
[DEBUG] Creating ResNet50 with lr=0.0002967715012075131, weight_decay=2.879331723117491e-05
[DEBUG] Creating ResNet50 with lr=0.0002967715012075131, weight_decay=2.879331723117491e-05
[DEBUG] Creating ResNet50 with lr=0.0002967715012075131, weight_decay=2.879331723117491e-05
[INFO] Best hyperparameters for Task 0: lr=0.0004687531161806007, weight_decay=1.4574449243137932e-06
[DEBUG] Creating ResNet50 with lr=0.0004687531161806007, weight_decay=1.4574449243137932e-06
[Task 0 Final Epoch 1] Train Loss: 0.1086 | Val Loss: 0.2455
[Task 0 Final Epoch 2] Train Loss: 0.0144 | Val Loss: 0.1239
[Task 0 Final Epoch 3] Train Loss: 0.0197 | Val Loss: 0.1384
[Task 0 Final Epoch 4] Train Loss: 0.0065 | Val Loss: 0.0888
[Task 0 Final Epoch 5] Train Loss: 0.0012 | Val Loss: 0.0910
[Task 0 Final Epoch 6] Train Loss: 0.0017 | Val Loss: 0.1246
[Task 0 Final Epoch 7] Train Loss: 0.0065 | Val Loss: 0.8512
[Task 0 Final Epoch 8] Train Loss: 0.0237 | Val Loss: 0.2188
[Task 0 Final Epoch 9] Train Loss: 0.0089 | Val Loss: 0.3155
[Task 0 Final Epoch 10] Train Loss: 0.0077 | Val Loss: 0.2096
[Task 0 Final Epoch 11] Train Loss: 0.0042 | Val Loss: 0.1010
[Task 0 Final Epoch 12] Train Loss: 0.0064 | Val Loss: 0.0895
[Task 0 Final Epoch 13] Train Loss: 0.0009 | Val Loss: 0.1291
[Task 0 Final Epoch 14] Train Loss: 0.0001 | Val Loss: 0.1177
[Task 0 Final Epoch 15] Train Loss: 0.0001 | Val Loss: 0.1192
[Task 0 Final Epoch 16] Train Loss: 0.0001 | Val Loss: 0.1107
[Task 0 Final Epoch 17] Train Loss: 0.0001 | Val Loss: 0.1151
[Task 0 Final Epoch 18] Train Loss: 0.0001 | Val Loss: 0.1106
[Task 0 Final Epoch 19] Train Loss: 0.0001 | Val Loss: 0.1148
[Task 0 Final Epoch 20] Train Loss: 0.0001 | Val Loss: 0.1162
[INFO] Model checkpoint saved to networkModel/baseline/20250303_181013/task0/model_20250303_181013.pth
[INFO] Starting Task 1 with new classes: [2, 3]
[DEBUG] Creating ResNet50 with lr=0.0008115743388473989, weight_decay=2.277392146765355e-06
[DEBUG] Creating ResNet50 with lr=0.0008115743388473989, weight_decay=2.277392146765355e-06
[DEBUG] Creating ResNet50 with lr=0.0008115743388473989, weight_decay=2.277392146765355e-06
[DEBUG] Creating ResNet50 with lr=0.0008980259514180183, weight_decay=1.5091592100311945e-05
[DEBUG] Creating ResNet50 with lr=0.0008980259514180183, weight_decay=1.5091592100311945e-05
[DEBUG] Creating ResNet50 with lr=0.0008980259514180183, weight_decay=1.5091592100311945e-05
[DEBUG] Creating ResNet50 with lr=5.638687400509555e-05, weight_decay=0.005283566338689284
[DEBUG] Creating ResNet50 with lr=5.638687400509555e-05, weight_decay=0.005283566338689284
[DEBUG] Creating ResNet50 with lr=5.638687400509555e-05, weight_decay=0.005283566338689284
[DEBUG] Creating ResNet50 with lr=0.0006449961995277726, weight_decay=0.00011901835054838099
[DEBUG] Creating ResNet50 with lr=0.0006449961995277726, weight_decay=0.00011901835054838099
[DEBUG] Creating ResNet50 with lr=0.0006449961995277726, weight_decay=0.00011901835054838099
[DEBUG] Creating ResNet50 with lr=0.0006645997687528751, weight_decay=9.61104033347661e-05
[DEBUG] Creating ResNet50 with lr=0.0006645997687528751, weight_decay=9.61104033347661e-05
[DEBUG] Creating ResNet50 with lr=0.0006645997687528751, weight_decay=9.61104033347661e-05
[DEBUG] Creating ResNet50 with lr=1.1330425735960962e-05, weight_decay=0.00019546894013874736
[DEBUG] Creating ResNet50 with lr=1.1330425735960962e-05, weight_decay=0.00019546894013874736
[DEBUG] Creating ResNet50 with lr=1.1330425735960962e-05, weight_decay=0.00019546894013874736
[DEBUG] Creating ResNet50 with lr=0.0002546119961526658, weight_decay=0.00022495896621792965
[DEBUG] Creating ResNet50 with lr=0.0002546119961526658, weight_decay=0.00022495896621792965
[DEBUG] Creating ResNet50 with lr=0.0002546119961526658, weight_decay=0.00022495896621792965
[DEBUG] Creating ResNet50 with lr=0.0003031148616169738, weight_decay=1.0683160632939248e-05
[DEBUG] Creating ResNet50 with lr=0.0003031148616169738, weight_decay=1.0683160632939248e-05
[DEBUG] Creating ResNet50 with lr=0.0003031148616169738, weight_decay=1.0683160632939248e-05
[DEBUG] Creating ResNet50 with lr=1.7814347469269448e-05, weight_decay=1.9571482884090234e-06
[DEBUG] Creating ResNet50 with lr=1.7814347469269448e-05, weight_decay=1.9571482884090234e-06
[DEBUG] Creating ResNet50 with lr=1.7814347469269448e-05, weight_decay=1.9571482884090234e-06
[DEBUG] Creating ResNet50 with lr=0.0003020233546734419, weight_decay=0.0012426030873712573
[DEBUG] Creating ResNet50 with lr=0.0003020233546734419, weight_decay=0.0012426030873712573
[DEBUG] Creating ResNet50 with lr=0.0003020233546734419, weight_decay=0.0012426030873712573
[DEBUG] Creating ResNet50 with lr=8.172415191195722e-05, weight_decay=0.0007303076997280791
[DEBUG] Creating ResNet50 with lr=8.172415191195722e-05, weight_decay=0.0007303076997280791
[DEBUG] Creating ResNet50 with lr=8.172415191195722e-05, weight_decay=0.0007303076997280791
[DEBUG] Creating ResNet50 with lr=9.334164962074907e-05, weight_decay=0.0005226445438876857
[DEBUG] Creating ResNet50 with lr=9.334164962074907e-05, weight_decay=0.0005226445438876857
[DEBUG] Creating ResNet50 with lr=9.334164962074907e-05, weight_decay=0.0005226445438876857
[DEBUG] Creating ResNet50 with lr=4.5357244758837275e-05, weight_decay=0.00374629437826889
[DEBUG] Creating ResNet50 with lr=4.5357244758837275e-05, weight_decay=0.00374629437826889
[DEBUG] Creating ResNet50 with lr=4.5357244758837275e-05, weight_decay=0.00374629437826889
[DEBUG] Creating ResNet50 with lr=0.00020217202504371168, weight_decay=0.0007223405230346882
[DEBUG] Creating ResNet50 with lr=0.00020217202504371168, weight_decay=0.0007223405230346882
[DEBUG] Creating ResNet50 with lr=0.00020217202504371168, weight_decay=0.0007223405230346882
[DEBUG] Creating ResNet50 with lr=0.00011606817250575096, weight_decay=4.095347886440222e-05
[DEBUG] Creating ResNet50 with lr=0.00011606817250575096, weight_decay=4.095347886440222e-05
[DEBUG] Creating ResNet50 with lr=0.00011606817250575096, weight_decay=4.095347886440222e-05
[DEBUG] Creating ResNet50 with lr=3.1124788861762435e-05, weight_decay=3.0305647292933164e-05
[DEBUG] Creating ResNet50 with lr=3.1124788861762435e-05, weight_decay=3.0305647292933164e-05
[DEBUG] Creating ResNet50 with lr=3.1124788861762435e-05, weight_decay=3.0305647292933164e-05
[DEBUG] Creating ResNet50 with lr=0.00010853324686231947, weight_decay=3.396826813570269e-05
[DEBUG] Creating ResNet50 with lr=0.00010853324686231947, weight_decay=3.396826813570269e-05
[DEBUG] Creating ResNet50 with lr=0.00010853324686231947, weight_decay=3.396826813570269e-05
[DEBUG] Creating ResNet50 with lr=0.00012970797825908098, weight_decay=0.0014476975401716084
[DEBUG] Creating ResNet50 with lr=0.00012970797825908098, weight_decay=0.0014476975401716084
[DEBUG] Creating ResNet50 with lr=0.00012970797825908098, weight_decay=0.0014476975401716084
[DEBUG] Creating ResNet50 with lr=8.018206068916428e-05, weight_decay=0.009941488870142297
[DEBUG] Creating ResNet50 with lr=8.018206068916428e-05, weight_decay=0.009941488870142297
[DEBUG] Creating ResNet50 with lr=8.018206068916428e-05, weight_decay=0.009941488870142297
[DEBUG] Creating ResNet50 with lr=2.8193823784180836e-05, weight_decay=7.981675162353118e-06
[DEBUG] Creating ResNet50 with lr=2.8193823784180836e-05, weight_decay=7.981675162353118e-06
[DEBUG] Creating ResNet50 with lr=2.8193823784180836e-05, weight_decay=7.981675162353118e-06
[INFO] Best hyperparameters for Task 1: lr=0.00011606817250575096, weight_decay=4.095347886440222e-05
[Task 1 Final Epoch 1] Train Loss: 4.0920 | Val Loss: 1.6150
[Task 1 Final Epoch 2] Train Loss: 1.0232 | Val Loss: 1.0348
[Task 1 Final Epoch 3] Train Loss: 0.5504 | Val Loss: 0.8879
[Task 1 Final Epoch 4] Train Loss: 0.4575 | Val Loss: 0.8143
[Task 1 Final Epoch 5] Train Loss: 0.4143 | Val Loss: 0.7646
[Task 1 Final Epoch 6] Train Loss: 0.3867 | Val Loss: 0.7328
[Task 1 Final Epoch 7] Train Loss: 0.3698 | Val Loss: 0.7130
[Task 1 Final Epoch 8] Train Loss: 0.3533 | Val Loss: 0.6864
[Task 1 Final Epoch 9] Train Loss: 0.3392 | Val Loss: 0.6677
[Task 1 Final Epoch 10] Train Loss: 0.3240 | Val Loss: 0.6495
[Task 1 Final Epoch 11] Train Loss: 0.3142 | Val Loss: 0.6392
[Task 1 Final Epoch 12] Train Loss: 0.3029 | Val Loss: 0.6309
[Task 1 Final Epoch 13] Train Loss: 0.2939 | Val Loss: 0.6161
[Task 1 Final Epoch 14] Train Loss: 0.2848 | Val Loss: 0.6029
[Task 1 Final Epoch 15] Train Loss: 0.2785 | Val Loss: 0.5896
[Task 1 Final Epoch 16] Train Loss: 0.2702 | Val Loss: 0.5849
[Task 1 Final Epoch 17] Train Loss: 0.2632 | Val Loss: 0.5775
[Task 1 Final Epoch 18] Train Loss: 0.2593 | Val Loss: 0.5683
[Task 1 Final Epoch 19] Train Loss: 0.2538 | Val Loss: 0.5611
[Task 1 Final Epoch 20] Train Loss: 0.2486 | Val Loss: 0.5541
[INFO] Model checkpoint saved to networkModel/baseline/20250304_063459/task1/model_20250304_063459.pth
[INFO] Continual learning training complete.

[INFO] Evaluating cumulative performance per task:
Task 0 test set accuracy: 0.9315
Task 1 test set accuracy: 0.7807
Cumulative test set accuracy (all tasks): 0.8109
