[I 2025-03-09 21:13:00,957] Trial 19 finished with value: 0.003807498375762306 and parameters: {'lr': 0.0001845807966618182, 'weight_decay': 0.0006188904041351741}. Best is trial 10 with value: 0.0024741639276221073.
Loaded configuration:
{'experiment': {'reproducibility': True, 'seed': 42, 'num_trials': 20, 'num_epochs': 20, 'final_epochs': 5, 'save_model': True, 'tensorboard_log_dir': 'Wafer-map/Logs/runs', 'final_model_filename': 'final_model.pth', 'checkpoint_base_dir': 'Wafer-map/model_checkpoints', 'continual_learning': True, 'continual_method': 'baseline', 'task_list': [[0, 1], [2, 3], [4, 5], [6, 7]], 'suggest': {'lr': {'low': '1e-5', 'high': '1e-3', 'log': True}, 'weight_decay': {'low': '1e-6', 'high': '1e-2', 'log': True}}}, 'model': {'type': 'resnet50', 'lr': '1e-4', 'weight_decay': '1e-4'}, 'dataset': {'path': '/home/anhcao/tmp/Dataset/Wafermap-dataset/WM811K.pkl'}}
[INFO] Reproducibility enabled. Seed set to 42
[INFO] Using device: cuda
[INFO] Number of classes: 8
[INFO] Classes: ['Center' 'Donut' 'Edge-Loc' 'Edge-Ring' 'Loc' 'Near-full' 'Random'
 'Scratch']
[INFO] Running continual learning training with HPO per task...
[INFO] Starting Task 0 with classes: [0, 1]
[DEBUG] Creating ResNet50 with lr=0.00039467459940413497, weight_decay=2.8263424159880694e-05
[DEBUG] Creating ResNet50 with lr=0.00039467459940413497, weight_decay=2.8263424159880694e-05
[DEBUG] Creating ResNet50 with lr=0.00039467459940413497, weight_decay=2.8263424159880694e-05
[DEBUG] Creating ResNet50 with lr=0.00033367528931670055, weight_decay=2.2178149666326458e-05
[DEBUG] Creating ResNet50 with lr=0.00033367528931670055, weight_decay=2.2178149666326458e-05
[DEBUG] Creating ResNet50 with lr=0.00033367528931670055, weight_decay=2.2178149666326458e-05
[DEBUG] Creating ResNet50 with lr=0.00013985604563030208, weight_decay=9.154383083083219e-06
[DEBUG] Creating ResNet50 with lr=0.00013985604563030208, weight_decay=9.154383083083219e-06
[DEBUG] Creating ResNet50 with lr=0.00013985604563030208, weight_decay=9.154383083083219e-06
[DEBUG] Creating ResNet50 with lr=2.1717844719648128e-05, weight_decay=9.128152196963664e-05
[DEBUG] Creating ResNet50 with lr=2.1717844719648128e-05, weight_decay=9.128152196963664e-05
[DEBUG] Creating ResNet50 with lr=2.1717844719648128e-05, weight_decay=9.128152196963664e-05
[DEBUG] Creating ResNet50 with lr=0.0004000119172642769, weight_decay=2.3717600760115285e-06
[DEBUG] Creating ResNet50 with lr=0.0004000119172642769, weight_decay=2.3717600760115285e-06
[DEBUG] Creating ResNet50 with lr=0.0004000119172642769, weight_decay=2.3717600760115285e-06
[DEBUG] Creating ResNet50 with lr=0.00015930521860322338, weight_decay=0.0006130115333211945
[DEBUG] Creating ResNet50 with lr=0.00015930521860322338, weight_decay=0.0006130115333211945
[DEBUG] Creating ResNet50 with lr=0.00015930521860322338, weight_decay=0.0006130115333211945
[DEBUG] Creating ResNet50 with lr=8.015270627214897e-05, weight_decay=0.0008682005461601765
[DEBUG] Creating ResNet50 with lr=8.015270627214897e-05, weight_decay=0.0008682005461601765
[DEBUG] Creating ResNet50 with lr=8.015270627214897e-05, weight_decay=0.0008682005461601765
[DEBUG] Creating ResNet50 with lr=0.0005028211037309985, weight_decay=1.6530059135903957e-05
[DEBUG] Creating ResNet50 with lr=0.0005028211037309985, weight_decay=1.6530059135903957e-05
[DEBUG] Creating ResNet50 with lr=0.0005028211037309985, weight_decay=1.6530059135903957e-05
[DEBUG] Creating ResNet50 with lr=4.2065024904753625e-05, weight_decay=2.1001994321888577e-06
[DEBUG] Creating ResNet50 with lr=4.2065024904753625e-05, weight_decay=2.1001994321888577e-06
[DEBUG] Creating ResNet50 with lr=4.2065024904753625e-05, weight_decay=2.1001994321888577e-06
[DEBUG] Creating ResNet50 with lr=3.750257631046611e-05, weight_decay=3.336517174944385e-06
[DEBUG] Creating ResNet50 with lr=3.750257631046611e-05, weight_decay=3.336517174944385e-06
[DEBUG] Creating ResNet50 with lr=3.750257631046611e-05, weight_decay=3.336517174944385e-06
[DEBUG] Creating ResNet50 with lr=1.0178384713760385e-05, weight_decay=0.009519628319647465
[DEBUG] Creating ResNet50 with lr=1.0178384713760385e-05, weight_decay=0.009519628319647465
[DEBUG] Creating ResNet50 with lr=1.0178384713760385e-05, weight_decay=0.009519628319647465
[DEBUG] Creating ResNet50 with lr=0.00014334312894698003, weight_decay=0.0006397365533428572
[DEBUG] Creating ResNet50 with lr=0.00014334312894698003, weight_decay=0.0006397365533428572
[DEBUG] Creating ResNet50 with lr=0.00014334312894698003, weight_decay=0.0006397365533428572
[DEBUG] Creating ResNet50 with lr=0.00014759625693180366, weight_decay=0.0003832098868566782
[DEBUG] Creating ResNet50 with lr=0.00014759625693180366, weight_decay=0.0003832098868566782
[DEBUG] Creating ResNet50 with lr=0.00014759625693180366, weight_decay=0.0003832098868566782
[DEBUG] Creating ResNet50 with lr=0.00019685716560110357, weight_decay=0.003780542550371548
[DEBUG] Creating ResNet50 with lr=0.00019685716560110357, weight_decay=0.003780542550371548
[DEBUG] Creating ResNet50 with lr=0.00019685716560110357, weight_decay=0.003780542550371548
[DEBUG] Creating ResNet50 with lr=7.41912376512672e-05, weight_decay=0.00010189408672280011
[DEBUG] Creating ResNet50 with lr=7.41912376512672e-05, weight_decay=0.00010189408672280011
[DEBUG] Creating ResNet50 with lr=7.41912376512672e-05, weight_decay=0.00010189408672280011
[DEBUG] Creating ResNet50 with lr=0.0008723627818566753, weight_decay=9.35524676063508e-06
[DEBUG] Creating ResNet50 with lr=0.0008723627818566753, weight_decay=9.35524676063508e-06
[DEBUG] Creating ResNet50 with lr=0.0008723627818566753, weight_decay=9.35524676063508e-06
[DEBUG] Creating ResNet50 with lr=9.998009557456739e-05, weight_decay=8.516692188303038e-05
[DEBUG] Creating ResNet50 with lr=9.998009557456739e-05, weight_decay=8.516692188303038e-05
[DEBUG] Creating ResNet50 with lr=9.998009557456739e-05, weight_decay=8.516692188303038e-05
[DEBUG] Creating ResNet50 with lr=0.00020530530494458922, weight_decay=0.002048920702254276
[DEBUG] Creating ResNet50 with lr=0.00020530530494458922, weight_decay=0.002048920702254276
[DEBUG] Creating ResNet50 with lr=0.00020530530494458922, weight_decay=0.002048920702254276
[DEBUG] Creating ResNet50 with lr=0.000981696470586519, weight_decay=0.00016715678717321947
[DEBUG] Creating ResNet50 with lr=0.000981696470586519, weight_decay=0.00016715678717321947
[DEBUG] Creating ResNet50 with lr=0.000981696470586519, weight_decay=0.00016715678717321947
[DEBUG] Creating ResNet50 with lr=4.897960396966249e-05, weight_decay=5.173818449802441e-06
[DEBUG] Creating ResNet50 with lr=4.897960396966249e-05, weight_decay=5.173818449802441e-06
[DEBUG] Creating ResNet50 with lr=4.897960396966249e-05, weight_decay=5.173818449802441e-06
[INFO] Best hyperparameters for Task 0: lr=0.00015930521860322338, weight_decay=0.0006130115333211945
[DEBUG] Creating ResNet50 with lr=0.00015930521860322338, weight_decay=0.0006130115333211945
[Task 0 Final Epoch 1] Train Loss: 0.1028 | Val Loss: 0.1637
[Task 0 Final Epoch 2] Train Loss: 0.0183 | Val Loss: 0.1321
[Task 0 Final Epoch 3] Train Loss: 0.0054 | Val Loss: 0.2035
[Task 0 Final Epoch 4] Train Loss: 0.0087 | Val Loss: 0.1394
[Task 0 Final Epoch 5] Train Loss: 0.0153 | Val Loss: 0.1598
[Task 0 Final Epoch 6] Train Loss: 0.0014 | Val Loss: 0.0876
[Task 0 Final Epoch 7] Train Loss: 0.0010 | Val Loss: 0.1008
[Task 0 Final Epoch 8] Train Loss: 0.0089 | Val Loss: 0.1175
[Task 0 Final Epoch 9] Train Loss: 0.0124 | Val Loss: 0.2691
[Task 0 Final Epoch 10] Train Loss: 0.0044 | Val Loss: 0.1647
[Task 0 Final Epoch 11] Train Loss: 0.0018 | Val Loss: 0.3084
[Task 0 Final Epoch 12] Train Loss: 0.0004 | Val Loss: 0.1676
[Task 0 Final Epoch 13] Train Loss: 0.0002 | Val Loss: 0.1800
[Task 0 Final Epoch 14] Train Loss: 0.0001 | Val Loss: 0.1839
[Task 0 Final Epoch 15] Train Loss: 0.0001 | Val Loss: 0.1965
[Task 0 Final Epoch 16] Train Loss: 0.0001 | Val Loss: 0.2088
[Task 0 Final Epoch 17] Train Loss: 0.0001 | Val Loss: 0.2235
[Task 0 Final Epoch 18] Train Loss: 0.0001 | Val Loss: 0.1903
[Task 0 Final Epoch 19] Train Loss: 0.0001 | Val Loss: 0.2383
[Task 0 Final Epoch 20] Train Loss: 0.0001 | Val Loss: 0.2290
[INFO] Model checkpoint saved to Wafer-map/model_checkpoints/baseline/20250309_012103/task0/model_20250309_012103.pth
[INFO] Starting Task 1 with new classes: [2, 3]
[DEBUG] Creating ResNet50 with lr=0.0008050281857136661, weight_decay=1.1631571495297501e-05
[DEBUG] Creating ResNet50 with lr=0.0008050281857136661, weight_decay=1.1631571495297501e-05
[DEBUG] Creating ResNet50 with lr=0.0008050281857136661, weight_decay=1.1631571495297501e-05
[DEBUG] Creating ResNet50 with lr=5.176528400497164e-05, weight_decay=0.001441025761784453
[DEBUG] Creating ResNet50 with lr=5.176528400497164e-05, weight_decay=0.001441025761784453
[DEBUG] Creating ResNet50 with lr=5.176528400497164e-05, weight_decay=0.001441025761784453
[DEBUG] Creating ResNet50 with lr=0.0005286511584579999, weight_decay=0.0005139512703108196
[DEBUG] Creating ResNet50 with lr=0.0005286511584579999, weight_decay=0.0005139512703108196
[DEBUG] Creating ResNet50 with lr=0.0005286511584579999, weight_decay=0.0005139512703108196
[DEBUG] Creating ResNet50 with lr=0.0007193515125351713, weight_decay=0.009348395620053945
[DEBUG] Creating ResNet50 with lr=0.0007193515125351713, weight_decay=0.009348395620053945
[DEBUG] Creating ResNet50 with lr=0.0007193515125351713, weight_decay=0.009348395620053945
[DEBUG] Creating ResNet50 with lr=8.177583894441682e-05, weight_decay=1.1522100227842531e-05
[DEBUG] Creating ResNet50 with lr=8.177583894441682e-05, weight_decay=1.1522100227842531e-05
[DEBUG] Creating ResNet50 with lr=8.177583894441682e-05, weight_decay=1.1522100227842531e-05
[DEBUG] Creating ResNet50 with lr=1.2261197635170175e-05, weight_decay=2.659770210453e-05
[DEBUG] Creating ResNet50 with lr=1.2261197635170175e-05, weight_decay=2.659770210453e-05
[DEBUG] Creating ResNet50 with lr=1.2261197635170175e-05, weight_decay=2.659770210453e-05
[DEBUG] Creating ResNet50 with lr=0.00048393872357358777, weight_decay=0.005004280660714061
[DEBUG] Creating ResNet50 with lr=0.00048393872357358777, weight_decay=0.005004280660714061
[DEBUG] Creating ResNet50 with lr=0.00048393872357358777, weight_decay=0.005004280660714061
[DEBUG] Creating ResNet50 with lr=2.2183752658871e-05, weight_decay=0.004327600139246639
[DEBUG] Creating ResNet50 with lr=2.2183752658871e-05, weight_decay=0.004327600139246639
[DEBUG] Creating ResNet50 with lr=2.2183752658871e-05, weight_decay=0.004327600139246639
[DEBUG] Creating ResNet50 with lr=0.0002717932707640927, weight_decay=0.00388794936978875
[DEBUG] Creating ResNet50 with lr=0.0002717932707640927, weight_decay=0.00388794936978875
[DEBUG] Creating ResNet50 with lr=0.0002717932707640927, weight_decay=0.00388794936978875
[DEBUG] Creating ResNet50 with lr=0.00036184329367437365, weight_decay=0.00018117063567066967
[DEBUG] Creating ResNet50 with lr=0.00036184329367437365, weight_decay=0.00018117063567066967
[DEBUG] Creating ResNet50 with lr=0.00036184329367437365, weight_decay=0.00018117063567066967
[DEBUG] Creating ResNet50 with lr=0.00011490601167697966, weight_decay=1.3324968591294015e-06
[DEBUG] Creating ResNet50 with lr=0.00011490601167697966, weight_decay=1.3324968591294015e-06
[DEBUG] Creating ResNet50 with lr=0.00011490601167697966, weight_decay=1.3324968591294015e-06
[DEBUG] Creating ResNet50 with lr=0.0001311547294611784, weight_decay=2.3485459605266155e-06
[DEBUG] Creating ResNet50 with lr=0.0001311547294611784, weight_decay=2.3485459605266155e-06
[DEBUG] Creating ResNet50 with lr=0.0001311547294611784, weight_decay=2.3485459605266155e-06
[DEBUG] Creating ResNet50 with lr=0.00015974355982419186, weight_decay=1.6062926468613306e-06
[DEBUG] Creating ResNet50 with lr=0.00015974355982419186, weight_decay=1.6062926468613306e-06
[DEBUG] Creating ResNet50 with lr=0.00015974355982419186, weight_decay=1.6062926468613306e-06
[DEBUG] Creating ResNet50 with lr=0.0001397386214960809, weight_decay=1.0085669281385215e-06
[DEBUG] Creating ResNet50 with lr=0.0001397386214960809, weight_decay=1.0085669281385215e-06
[DEBUG] Creating ResNet50 with lr=0.0001397386214960809, weight_decay=1.0085669281385215e-06
[DEBUG] Creating ResNet50 with lr=4.6552459077535675e-05, weight_decay=4.902952834788542e-06
[DEBUG] Creating ResNet50 with lr=4.6552459077535675e-05, weight_decay=4.902952834788542e-06
[DEBUG] Creating ResNet50 with lr=4.6552459077535675e-05, weight_decay=4.902952834788542e-06
[DEBUG] Creating ResNet50 with lr=0.00019190683533384703, weight_decay=5.195875242169629e-05
[DEBUG] Creating ResNet50 with lr=0.00019190683533384703, weight_decay=5.195875242169629e-05
[DEBUG] Creating ResNet50 with lr=0.00019190683533384703, weight_decay=5.195875242169629e-05
[DEBUG] Creating ResNet50 with lr=6.999978579140543e-05, weight_decay=2.7725577422404737e-06
[DEBUG] Creating ResNet50 with lr=6.999978579140543e-05, weight_decay=2.7725577422404737e-06
[DEBUG] Creating ResNet50 with lr=6.999978579140543e-05, weight_decay=2.7725577422404737e-06
[DEBUG] Creating ResNet50 with lr=2.9139151404415027e-05, weight_decay=5.933203197710076e-06
[DEBUG] Creating ResNet50 with lr=2.9139151404415027e-05, weight_decay=5.933203197710076e-06
[DEBUG] Creating ResNet50 with lr=2.9139151404415027e-05, weight_decay=5.933203197710076e-06
[DEBUG] Creating ResNet50 with lr=0.00011546955576259399, weight_decay=9.516602740861207e-05
[DEBUG] Creating ResNet50 with lr=0.00011546955576259399, weight_decay=9.516602740861207e-05
[DEBUG] Creating ResNet50 with lr=0.00011546955576259399, weight_decay=9.516602740861207e-05
[DEBUG] Creating ResNet50 with lr=0.00023615485803684335, weight_decay=2.952775449797499e-06
[DEBUG] Creating ResNet50 with lr=0.00023615485803684335, weight_decay=2.952775449797499e-06
[DEBUG] Creating ResNet50 with lr=0.00023615485803684335, weight_decay=2.952775449797499e-06
[INFO] Best hyperparameters for Task 1: lr=0.0001311547294611784, weight_decay=2.3485459605266155e-06
[Task 1 Final Epoch 1] Train Loss: 2.1417 | Val Loss: 1.3629
[Task 1 Final Epoch 2] Train Loss: 0.5275 | Val Loss: 0.9573
[Task 1 Final Epoch 3] Train Loss: 0.3328 | Val Loss: 0.7629
[Task 1 Final Epoch 4] Train Loss: 0.2491 | Val Loss: 0.6279
[Task 1 Final Epoch 5] Train Loss: 0.2023 | Val Loss: 0.5451
[Task 1 Final Epoch 6] Train Loss: 0.1715 | Val Loss: 0.4869
[Task 1 Final Epoch 7] Train Loss: 0.1467 | Val Loss: 0.4311
[Task 1 Final Epoch 8] Train Loss: 0.1294 | Val Loss: 0.3997
[Task 1 Final Epoch 9] Train Loss: 0.1173 | Val Loss: 0.3849
[Task 1 Final Epoch 10] Train Loss: 0.1097 | Val Loss: 0.3569
[Task 1 Final Epoch 11] Train Loss: 0.1014 | Val Loss: 0.3544
[Task 1 Final Epoch 12] Train Loss: 0.0936 | Val Loss: 0.3408
[Task 1 Final Epoch 13] Train Loss: 0.0895 | Val Loss: 0.3379
[Task 1 Final Epoch 14] Train Loss: 0.0840 | Val Loss: 0.3520
[Task 1 Final Epoch 15] Train Loss: 0.0811 | Val Loss: 0.3228
[Task 1 Final Epoch 16] Train Loss: 0.0768 | Val Loss: 0.3140
[Task 1 Final Epoch 17] Train Loss: 0.0748 | Val Loss: 0.3274
[Task 1 Final Epoch 18] Train Loss: 0.0741 | Val Loss: 0.3133
[Task 1 Final Epoch 19] Train Loss: 0.0694 | Val Loss: 0.3023
[Task 1 Final Epoch 20] Train Loss: 0.0688 | Val Loss: 0.2949
[INFO] Model checkpoint saved to Wafer-map/model_checkpoints/baseline/20250309_012103/task1/model_20250309_012103.pth
[INFO] Starting Task 2 with new classes: [4, 5]
[DEBUG] Creating ResNet50 with lr=3.0062357393690086e-05, weight_decay=0.00292910640056602
[DEBUG] Creating ResNet50 with lr=3.0062357393690086e-05, weight_decay=0.00292910640056602
[DEBUG] Creating ResNet50 with lr=3.0062357393690086e-05, weight_decay=0.00292910640056602
[DEBUG] Creating ResNet50 with lr=0.0009231301316543921, weight_decay=0.0033167950884131834
[DEBUG] Creating ResNet50 with lr=0.0009231301316543921, weight_decay=0.0033167950884131834
[DEBUG] Creating ResNet50 with lr=0.0009231301316543921, weight_decay=0.0033167950884131834
[DEBUG] Creating ResNet50 with lr=0.0002688337012403277, weight_decay=0.0010798807269640435
[DEBUG] Creating ResNet50 with lr=0.0002688337012403277, weight_decay=0.0010798807269640435
[DEBUG] Creating ResNet50 with lr=0.0002688337012403277, weight_decay=0.0010798807269640435
[DEBUG] Creating ResNet50 with lr=7.533774721868227e-05, weight_decay=0.0057447959984890705
[DEBUG] Creating ResNet50 with lr=7.533774721868227e-05, weight_decay=0.0057447959984890705
[DEBUG] Creating ResNet50 with lr=7.533774721868227e-05, weight_decay=0.0057447959984890705
[DEBUG] Creating ResNet50 with lr=1.5161155671794373e-05, weight_decay=0.0001453520895789177
[DEBUG] Creating ResNet50 with lr=1.5161155671794373e-05, weight_decay=0.0001453520895789177
[DEBUG] Creating ResNet50 with lr=1.5161155671794373e-05, weight_decay=0.0001453520895789177
[DEBUG] Creating ResNet50 with lr=0.0001716778090029176, weight_decay=0.005832420664203839
[DEBUG] Creating ResNet50 with lr=0.0001716778090029176, weight_decay=0.005832420664203839
[DEBUG] Creating ResNet50 with lr=0.0001716778090029176, weight_decay=0.005832420664203839
[DEBUG] Creating ResNet50 with lr=0.0003012055303342283, weight_decay=0.0005052853598127899
[DEBUG] Creating ResNet50 with lr=0.0003012055303342283, weight_decay=0.0005052853598127899
[DEBUG] Creating ResNet50 with lr=0.0003012055303342283, weight_decay=0.0005052853598127899
[DEBUG] Creating ResNet50 with lr=0.00015757536658041231, weight_decay=0.006308237750304463
[DEBUG] Creating ResNet50 with lr=0.00015757536658041231, weight_decay=0.006308237750304463
[DEBUG] Creating ResNet50 with lr=0.00015757536658041231, weight_decay=0.006308237750304463
[DEBUG] Creating ResNet50 with lr=1.2732291496412651e-05, weight_decay=2.649309174076547e-05
[DEBUG] Creating ResNet50 with lr=1.2732291496412651e-05, weight_decay=2.649309174076547e-05
[DEBUG] Creating ResNet50 with lr=1.2732291496412651e-05, weight_decay=2.649309174076547e-05
[DEBUG] Creating ResNet50 with lr=5.672864743681358e-05, weight_decay=2.7701638623411838e-06
[DEBUG] Creating ResNet50 with lr=5.672864743681358e-05, weight_decay=2.7701638623411838e-06
[DEBUG] Creating ResNet50 with lr=5.672864743681358e-05, weight_decay=2.7701638623411838e-06
[DEBUG] Creating ResNet50 with lr=0.0006274011490158266, weight_decay=0.0005595647612683319
[DEBUG] Creating ResNet50 with lr=0.0006274011490158266, weight_decay=0.0005595647612683319
[DEBUG] Creating ResNet50 with lr=0.0006274011490158266, weight_decay=0.0005595647612683319
[DEBUG] Creating ResNet50 with lr=0.0006015671668909917, weight_decay=0.0006052432570327447
[DEBUG] Creating ResNet50 with lr=0.0006015671668909917, weight_decay=0.0006052432570327447
[DEBUG] Creating ResNet50 with lr=0.0006015671668909917, weight_decay=0.0006052432570327447
[DEBUG] Creating ResNet50 with lr=0.0003871182822273415, weight_decay=0.00048160887440379683
[DEBUG] Creating ResNet50 with lr=0.0003871182822273415, weight_decay=0.00048160887440379683
[DEBUG] Creating ResNet50 with lr=0.0003871182822273415, weight_decay=0.00048160887440379683
[DEBUG] Creating ResNet50 with lr=0.00043754247101956435, weight_decay=7.496993106958922e-05
[DEBUG] Creating ResNet50 with lr=0.00043754247101956435, weight_decay=7.496993106958922e-05
[DEBUG] Creating ResNet50 with lr=0.00043754247101956435, weight_decay=7.496993106958922e-05
[DEBUG] Creating ResNet50 with lr=0.0008837685679062282, weight_decay=0.00013521918193093677
[DEBUG] Creating ResNet50 with lr=0.0008837685679062282, weight_decay=0.00013521918193093677
[DEBUG] Creating ResNet50 with lr=0.0008837685679062282, weight_decay=0.00013521918193093677
[DEBUG] Creating ResNet50 with lr=0.0009912721902014224, weight_decay=1.3568959613902436e-05
[DEBUG] Creating ResNet50 with lr=0.0009912721902014224, weight_decay=1.3568959613902436e-05
[DEBUG] Creating ResNet50 with lr=0.0009912721902014224, weight_decay=1.3568959613902436e-05
[DEBUG] Creating ResNet50 with lr=0.0008876198394993386, weight_decay=6.468647866395748e-06
[DEBUG] Creating ResNet50 with lr=0.0008876198394993386, weight_decay=6.468647866395748e-06
[DEBUG] Creating ResNet50 with lr=0.0008876198394993386, weight_decay=6.468647866395748e-06
[DEBUG] Creating ResNet50 with lr=0.00014713241988399637, weight_decay=4.725835644013763e-06
[DEBUG] Creating ResNet50 with lr=0.00014713241988399637, weight_decay=4.725835644013763e-06
[DEBUG] Creating ResNet50 with lr=0.00014713241988399637, weight_decay=4.725835644013763e-06
[DEBUG] Creating ResNet50 with lr=3.815175916035945e-05, weight_decay=1.026465222222378e-05
[DEBUG] Creating ResNet50 with lr=3.815175916035945e-05, weight_decay=1.026465222222378e-05
[DEBUG] Creating ResNet50 with lr=3.815175916035945e-05, weight_decay=1.026465222222378e-05
[DEBUG] Creating ResNet50 with lr=0.0009345693760898475, weight_decay=1.1417877435752632e-06
[DEBUG] Creating ResNet50 with lr=0.0009345693760898475, weight_decay=1.1417877435752632e-06
[DEBUG] Creating ResNet50 with lr=0.0009345693760898475, weight_decay=1.1417877435752632e-06
[INFO] Best hyperparameters for Task 2: lr=0.0008876198394993386, weight_decay=6.468647866395748e-06
[Task 2 Final Epoch 1] Train Loss: 1.1797 | Val Loss: 0.1997
[Task 2 Final Epoch 2] Train Loss: 0.2078 | Val Loss: 0.1125
[Task 2 Final Epoch 3] Train Loss: 0.1130 | Val Loss: 0.0810
[Task 2 Final Epoch 4] Train Loss: 0.0779 | Val Loss: 0.0601
[Task 2 Final Epoch 5] Train Loss: 0.0608 | Val Loss: 0.0531
[Task 2 Final Epoch 6] Train Loss: 0.0473 | Val Loss: 0.0573
[Task 2 Final Epoch 7] Train Loss: 0.0417 | Val Loss: 0.0387
[Task 2 Final Epoch 8] Train Loss: 0.0363 | Val Loss: 0.0315
[Task 2 Final Epoch 9] Train Loss: 0.0311 | Val Loss: 0.0304
[Task 2 Final Epoch 10] Train Loss: 0.0285 | Val Loss: 0.0266
[Task 2 Final Epoch 11] Train Loss: 0.0250 | Val Loss: 0.0229
[Task 2 Final Epoch 12] Train Loss: 0.0228 | Val Loss: 0.0229
[Task 2 Final Epoch 13] Train Loss: 0.0193 | Val Loss: 0.0208
[Task 2 Final Epoch 14] Train Loss: 0.0182 | Val Loss: 0.0208
[Task 2 Final Epoch 15] Train Loss: 0.0171 | Val Loss: 0.0171
[Task 2 Final Epoch 16] Train Loss: 0.0159 | Val Loss